#
# A fatal error has been detected by the Java Runtime Environment:
#
#  SIGSEGV (0xb) at pc=0x00007fff204084af, pid=26246, tid=0x0000000000000f03
#
# JRE version: OpenJDK Runtime Environment (8.0_242-b08) (build 1.8.0_242-b08)
# Java VM: OpenJDK 64-Bit Server VM (25.242-b08 mixed mode bsd-amd64 compressed oops)
# Problematic frame:
# C  [libobjc.A.dylib+0x84af]  objc_release+0x1f
#
# Failed to write core dump. Core dumps have been disabled. To enable core dumping, try "ulimit -c unlimited" before starting Java again
#
# If you would like to submit a bug report, please visit:
#   http://bugreport.java.com/bugreport/crash.jsp
# The crash happened outside the Java Virtual Machine in native code.
# See problematic frame for where to report the bug.
#

---------------  T H R E A D  ---------------

Current thread (0x00007fabbf809000):  JavaThread "Client thread" [_thread_in_native, id=3843, stack(0x000070000a270000,0x000070000a370000)]

siginfo: si_signo: 11 (SIGSEGV), si_code: 1 (SEGV_MAPERR), si_addr: 0x0000000000000020

Registers:
RAX=0x9000000000000000, RBX=0x0000000000000001, RCX=0x0000000000000000, RDX=0x0000000000000003
RSP=0x000070000a36e8b8, RBP=0x000070000a36e8f0, RSI=0x00007fabc6d62ca0, RDI=0x00007fabc3908d80
R8 =0x00007fabc3f249f0, R9 =0x000000000000000f, R10=0x000000013f5f4c68, R11=0x00007fff22e2d10a
R12=0x00007fabc3908d80, R13=0xa3a3a3a3a3a3a3a3, R14=0x00007fabc001d080, R15=0x00007fabc001d000
RIP=0x00007fff204084af, EFLAGS=0x0000000000010246, ERR=0x0000000000000004
  TRAPNO=0x000000000000000e

Top of Stack: (sp=0x000070000a36e8b8)
0x000070000a36e8b8:   00007fff2042620f f5f4528c1f310000
0x000070000a36e8c8:   00007fabc001d000 0000000000000000
0x000070000a36e8d8:   0000000141f079f0 00007fff7bb56857
0x000070000a36e8e8:   00007fabbf809000 000070000a36e910
0x000070000a36e8f8:   00007fff20408e30 f5f4528c1f3100ba
0x000070000a36e908:   00007fabc001d080 000070000a36e930
0x000070000a36e918:   00007fff20622a86 f5f4528c1f3100ba
0x000070000a36e928:   00007fabbecf27f0 000070000a36e970
0x000070000a36e938:   00007fff213ac333 000070000a36e970
0x000070000a36e948:   000000013f5cce0f 0000000141f079f8
0x000070000a36e958:   f5f4528c1f3100ba 0000000141f079f8
0x000070000a36e968:   000070000a36e9f8 000070000a36e9d0
0x000070000a36e978:   00000001155d1407 00000006f2048168
0x000070000a36e988:   00000001155d1122 000070000a36e990
0x000070000a36e998:   0000000141f079f0 000070000a36e9f8
0x000070000a36e9a8:   0000000141f07f58 0000000000000000
0x000070000a36e9b8:   0000000141f079f8 0000000000000000
0x000070000a36e9c8:   000070000a36e9f0 000070000a36ea40
0x000070000a36e9d8:   00000001155c0ffd 00000006f212ce08
0x000070000a36e9e8:   00000001155caa58 00000006f21414a8
0x000070000a36e9f8:   00000006f2048168 000070000a36ea00
0x000070000a36ea08:   0000000141f078f7 000070000a36ea70
0x000070000a36ea18:   0000000141f07f58 0000000000000000
0x000070000a36ea28:   0000000141f07968 000070000a36e9f0
0x000070000a36ea38:   000070000a36ea60 000070000a36eac8
0x000070000a36ea48:   00000001155c1042 0000000000000000
0x000070000a36ea58:   00000006f2048168 00000006f21414a8
0x000070000a36ea68:   00000006f20480b0 00000006f212ce98
0x000070000a36ea78:   00000001155cc9e7 00000006f212cea8
0x000070000a36ea88:   000070000a36ea78 0000000141f052e6
0x000070000a36ea98:   000070000a36ead8 0000000141f06180
0x000070000a36eaa8:   0000000000000000 0000000141f05318 

Instructions: (pc=0x00007fff204084af)
0x00007fff2040848f:   90 48 85 ff 74 76 89 f8 83 e0 01 48 85 c0 75 6c
0x00007fff2040849f:   48 8b 07 48 b9 f8 ff ff ff ff 7f 00 00 48 21 c1
0x00007fff204084af:   48 8b 51 20 f6 c2 04 74 54 a8 01 74 6f 48 b9 00
0x00007fff204084bf:   00 00 00 00 00 80 00 48 ba 00 00 00 00 00 00 00 

Register to memory mapping:

RAX=0x9000000000000000 is an unknown value
RBX=0x0000000000000001 is an unknown value
RCX=0x0000000000000000 is an unknown value
RDX=0x0000000000000003 is an unknown value
RSP=0x000070000a36e8b8 is pointing into the stack for thread: 0x00007fabbf809000
RBP=0x000070000a36e8f0 is pointing into the stack for thread: 0x00007fabbf809000
RSI=0x00007fabc6d62ca0 is an unknown value
RDI=0x00007fabc3908d80 is an unknown value
R8 =0x00007fabc3f249f0 is an unknown value
R9 =0x000000000000000f is an unknown value
R10=0x000000013f5f4c68: OBJC_CLASS_$_MacOSXOpenGLView+0 in /Users/tristanpoland/Library/Application Support/gdlauncher_next/instances/Story Pack 1/natives/liblwjgl.dylib at 0x000000013f5b7000
R11=0x00007fff22e2d10a: -[NSResponder release]+0 in /System/Library/Frameworks/AppKit.framework/Versions/C/AppKit at 0x00007fff22e22000
R12=0x00007fabc3908d80 is an unknown value
R13=0xa3a3a3a3a3a3a3a3 is an unknown value
R14=0x00007fabc001d080 is an unknown value
R15=0x00007fabc001d000 is an unknown value


Stack: [0x000070000a270000,0x000070000a370000],  sp=0x000070000a36e8b8,  free space=1018k
Native frames: (J=compiled Java code, j=interpreted, Vv=VM code, C=native code)
C  [libobjc.A.dylib+0x84af]  objc_release+0x1f
C  [libobjc.A.dylib+0x8e30]  objc_autoreleasePoolPop+0xa1
C  [CoreFoundation+0x42a86]  _CFAutoreleasePoolPop+0x16
C  [Foundation+0x1f333]  -[NSAutoreleasePool release]+0x83
j  org.lwjgl.opengl.MacOSXContextImplementation.setView(Ljava/nio/ByteBuffer;Ljava/nio/ByteBuffer;)V+0
j  org.lwjgl.opengl.MacOSXContextImplementation.makeCurrent(Lorg/lwjgl/opengl/PeerInfo;Ljava/nio/ByteBuffer;)V+7
j  org.lwjgl.opengl.ContextGL.makeCurrent()V+46
j  org.lwjgl.opengl.DrawableGL.makeCurrent()V+14
j  org.lwjgl.opengl.Display.makeCurrent()V+3
j  org.lwjgl.opengl.Display.makeCurrentAndSetSwapInterval()V+0
j  org.lwjgl.opengl.Display.create(Lorg/lwjgl/opengl/PixelFormat;Lorg/lwjgl/opengl/Drawable;Lorg/lwjgl/opengl/ContextAttribs;)V+108
j  org.lwjgl.opengl.Display.create(Lorg/lwjgl/opengl/PixelFormat;)V+12
j  net.minecraft.client.Minecraft.func_175609_am()V+22
j  net.minecraft.client.Minecraft.func_71384_a()V+119
j  net.minecraft.client.Minecraft.func_99999_d()V+6
j  net.minecraft.client.main.Main.main([Ljava/lang/String;)V+1094
v  ~StubRoutines::call_stub
V  [libjvm.dylib+0x2e3fa7]  JavaCalls::call_helper(JavaValue*, methodHandle*, JavaCallArguments*, Thread*)+0x6a7
V  [libjvm.dylib+0x4ac608]  Reflection::invoke(instanceKlassHandle, methodHandle, Handle, bool, objArrayHandle, BasicType, objArrayHandle, bool, Thread*)+0xe12
V  [libjvm.dylib+0x4acb3c]  Reflection::invoke_method(oopDesc*, Handle, objArrayHandle, Thread*)+0x16c
V  [libjvm.dylib+0x3204b6]  JVM_InvokeMethod+0x1a0
j  sun.reflect.NativeMethodAccessorImpl.invoke0(Ljava/lang/reflect/Method;Ljava/lang/Object;[Ljava/lang/Object;)Ljava/lang/Object;+0
j  sun.reflect.NativeMethodAccessorImpl.invoke(Ljava/lang/Object;[Ljava/lang/Object;)Ljava/lang/Object;+100
j  sun.reflect.DelegatingMethodAccessorImpl.invoke(Ljava/lang/Object;[Ljava/lang/Object;)Ljava/lang/Object;+6
j  java.lang.reflect.Method.invoke(Ljava/lang/Object;[Ljava/lang/Object;)Ljava/lang/Object;+56
j  net.minecraft.launchwrapper.Launch.launch([Ljava/lang/String;)V+661
j  net.minecraft.launchwrapper.Launch.main([Ljava/lang/String;)V+8
v  ~StubRoutines::call_stub
V  [libjvm.dylib+0x2e3fa7]  JavaCalls::call_helper(JavaValue*, methodHandle*, JavaCallArguments*, Thread*)+0x6a7
V  [libjvm.dylib+0x2fed90]  jni_invoke_static(JNIEnv_*, JavaValue*, _jobject*, JNICallType, _jmethodID*, JNI_ArgumentPusher*, Thread*)+0x1bf
V  [libjvm.dylib+0x2f776b]  jni_CallStaticVoidMethod+0x15d
C  [java+0x38c6]  JavaMain+0x9c4
C  [libsystem_pthread.dylib+0x68fc]  _pthread_start+0xe0
C  [libsystem_pthread.dylib+0x2443]  thread_start+0xf
C  0x0000000000000000

Java frames: (J=compiled Java code, j=interpreted, Vv=VM code)
j  org.lwjgl.opengl.MacOSXContextImplementation.setView(Ljava/nio/ByteBuffer;Ljava/nio/ByteBuffer;)V+0
j  org.lwjgl.opengl.MacOSXContextImplementation.makeCurrent(Lorg/lwjgl/opengl/PeerInfo;Ljava/nio/ByteBuffer;)V+7
j  org.lwjgl.opengl.ContextGL.makeCurrent()V+46
j  org.lwjgl.opengl.DrawableGL.makeCurrent()V+14
j  org.lwjgl.opengl.Display.makeCurrent()V+3
j  org.lwjgl.opengl.Display.makeCurrentAndSetSwapInterval()V+0
j  org.lwjgl.opengl.Display.create(Lorg/lwjgl/opengl/PixelFormat;Lorg/lwjgl/opengl/Drawable;Lorg/lwjgl/opengl/ContextAttribs;)V+108
j  org.lwjgl.opengl.Display.create(Lorg/lwjgl/opengl/PixelFormat;)V+12
j  net.minecraft.client.Minecraft.func_175609_am()V+22
j  net.minecraft.client.Minecraft.func_71384_a()V+119
j  net.minecraft.client.Minecraft.func_99999_d()V+6
j  net.minecraft.client.main.Main.main([Ljava/lang/String;)V+1094
v  ~StubRoutines::call_stub
j  sun.reflect.NativeMethodAccessorImpl.invoke0(Ljava/lang/reflect/Method;Ljava/lang/Object;[Ljava/lang/Object;)Ljava/lang/Object;+0
j  sun.reflect.NativeMethodAccessorImpl.invoke(Ljava/lang/Object;[Ljava/lang/Object;)Ljava/lang/Object;+100
j  sun.reflect.DelegatingMethodAccessorImpl.invoke(Ljava/lang/Object;[Ljava/lang/Object;)Ljava/lang/Object;+6
j  java.lang.reflect.Method.invoke(Ljava/lang/Object;[Ljava/lang/Object;)Ljava/lang/Object;+56
j  net.minecraft.launchwrapper.Launch.launch([Ljava/lang/String;)V+661
j  net.minecraft.launchwrapper.Launch.main([Ljava/lang/String;)V+8
v  ~StubRoutines::call_stub

---------------  P R O C E S S  ---------------

Java Threads: ( => current thread )
  0x00007fabc010a000 JavaThread "AWT-Shutdown" [_thread_blocked, id=19719, stack(0x000070000bbc7000,0x000070000bcc7000)]
  0x00007fabc1450000 JavaThread "Timer hack thread" daemon [_thread_blocked, id=38179, stack(0x000070000b6af000,0x000070000b7af000)]
  0x00007fabc1a6f000 JavaThread "Snooper Timer" daemon [_thread_blocked, id=31075, stack(0x000070000bac4000,0x000070000bbc4000)]
  0x00007fabc50e8000 JavaThread "AppKit Thread" daemon [_thread_in_native, id=259, stack(0x00007ffee21f8000,0x00007ffee29f8000)]
  0x00007fabc001e000 JavaThread "Service Thread" daemon [_thread_blocked, id=15875, stack(0x000070000b4a9000,0x000070000b5a9000)]
  0x00007fabbf80a000 JavaThread "C1 CompilerThread3" daemon [_thread_blocked, id=15363, stack(0x000070000b3a6000,0x000070000b4a6000)]
  0x00007fabc105a800 JavaThread "C2 CompilerThread2" daemon [_thread_blocked, id=15107, stack(0x000070000b2a3000,0x000070000b3a3000)]
  0x00007fabc0026800 JavaThread "C2 CompilerThread1" daemon [_thread_blocked, id=17411, stack(0x000070000b1a0000,0x000070000b2a0000)]
  0x00007fabc4009000 JavaThread "C2 CompilerThread0" daemon [_thread_blocked, id=17923, stack(0x000070000b09d000,0x000070000b19d000)]
  0x00007fabc4008800 JavaThread "Signal Dispatcher" daemon [_thread_blocked, id=14595, stack(0x000070000af9a000,0x000070000b09a000)]
  0x00007fabc0019000 JavaThread "Finalizer" daemon [_thread_blocked, id=12547, stack(0x000070000ad91000,0x000070000ae91000)]
  0x00007fabc0016800 JavaThread "Reference Handler" daemon [_thread_blocked, id=20227, stack(0x000070000ac8e000,0x000070000ad8e000)]
=>0x00007fabbf809000 JavaThread "Client thread" [_thread_in_native, id=3843, stack(0x000070000a270000,0x000070000a370000)]

Other Threads:
  0x00007fabbf013000 VMThread [stack: 0x000070000ab8b000,0x000070000ac8b000] [id=20483]
  0x00007fabc0025000 WatcherThread [stack: 0x000070000b5ac000,0x000070000b6ac000] [id=16387]

VM state:not at safepoint (normal execution)

VM Mutex/Monitor currently owned by a thread: None

heap address: 0x0000000540000000, size: 10240 MB, Compressed Oops mode: Zero based, Oop shift amount: 3
Narrow klass base: 0x0000000000000000, Narrow klass shift: 3
Compressed class space size: 1073741824 Address: 0x00000007c0000000

Heap:
 PSYoungGen      total 867840K, used 138531K [0x00000006eab00000, 0x0000000726300000, 0x00000007c0000000)
  eden space 820224K, 16% used [0x00000006eab00000,0x00000006f3248fa8,0x000000071cc00000)
  from space 47616K, 0% used [0x000000071fc80000,0x000000071fc80000,0x0000000722b00000)
  to   space 49664K, 0% used [0x000000071cc00000,0x000000071cc00000,0x000000071fc80000)
 ParOldGen       total 263168K, used 112382K [0x0000000540000000, 0x0000000550100000, 0x00000006eab00000)
  object space 263168K, 42% used [0x0000000540000000,0x0000000546dbfa20,0x0000000550100000)
 Metaspace       used 36915K, capacity 37344K, committed 37888K, reserved 1081344K
  class space    used 4865K, capacity 5025K, committed 5120K, reserved 1048576K

Card table byte_map: [0x000000011230e000,0x000000011370f000] byte_map_base: 0x000000010f90e000

Marking Bits: (ParMarkBitMap*) 0x000000011209f5b0
 Begin Bits: [0x00000001245b9000, 0x000000012e5b9000)
 End Bits:   [0x000000012e5b9000, 0x00000001385b9000)

Polling page: 0x000000010d27b000

CodeCache: size=245760Kb used=15666Kb max_used=16507Kb free=230093Kb
 bounds [0x00000001155b9000, 0x00000001165f9000, 0x00000001245b9000]
 total_blobs=4737 nmethods=4190 adapters=460
 compilation: enabled

Compilation events (10 events):
Event: 13.480 Thread 0x00007fabbf80a000 5121       3       sun.reflect.UnsafeQualifiedStaticIntegerFieldAccessorImpl::<init> (7 bytes)
Event: 13.480 Thread 0x00007fabbf80a000 nmethod 5121 0x0000000115d26590 code [0x0000000115d26720, 0x0000000115d26a78]
Event: 13.480 Thread 0x00007fabbf80a000 5122       3       java.lang.reflect.Field::acquireFieldAccessor (59 bytes)
Event: 13.481 Thread 0x00007fabbf80a000 nmethod 5122 0x000000011611c7d0 code [0x000000011611c9c0, 0x000000011611d128]
Event: 13.481 Thread 0x00007fabbf80a000 5123       3       sun.reflect.UnsafeFieldAccessorFactory::newFieldAccessor (676 bytes)
Event: 13.484 Thread 0x00007fabbf80a000 nmethod 5123 0x0000000115d43490 code [0x0000000115d43ac0, 0x0000000115d46b48]
Event: 13.484 Thread 0x00007fabbf80a000 5124       3       sun.reflect.FieldAccessorImpl::<init> (5 bytes)
Event: 13.484 Thread 0x00007fabbf80a000 nmethod 5124 0x0000000115e35a50 code [0x0000000115e35bc0, 0x0000000115e35dd0]
Event: 13.484 Thread 0x00007fabbf80a000 5125       3       java.lang.Boolean::parseBoolean (19 bytes)
Event: 13.484 Thread 0x00007fabbf80a000 nmethod 5125 0x0000000115f0ba10 code [0x0000000115f0bb80, 0x0000000115f0be08]

GC Heap History (10 events):
Event: 7.930 GC heap before
{Heap before GC invocations=10 (full 1):
 PSYoungGen      total 441344K, used 440842K [0x00000006eab00000, 0x000000070db00000, 0x00000007c0000000)
  eden space 430080K, 100% used [0x00000006eab00000,0x0000000704f00000,0x0000000704f00000)
  from space 11264K, 95% used [0x000000070d000000,0x000000070da82a40,0x000000070db00000)
  to   space 45568K, 0% used [0x0000000708200000,0x0000000708200000,0x000000070ae80000)
 ParOldGen       total 175104K, used 54980K [0x0000000540000000, 0x000000054ab00000, 0x00000006eab00000)
  object space 175104K, 31% used [0x0000000540000000,0x00000005435b1358,0x000000054ab00000)
 Metaspace       used 25488K, capacity 25792K, committed 26240K, reserved 1073152K
  class space    used 2998K, capacity 3095K, committed 3200K, reserved 1048576K
Event: 7.968 GC heap after
Heap after GC invocations=10 (full 1):
 PSYoungGen      total 527872K, used 30559K [0x00000006eab00000, 0x0000000714b00000, 0x00000007c0000000)
  eden space 482304K, 0% used [0x00000006eab00000,0x00000006eab00000,0x0000000708200000)
  from space 45568K, 67% used [0x0000000708200000,0x0000000709fd7d68,0x000000070ae80000)
  to   space 46080K, 0% used [0x0000000711e00000,0x0000000711e00000,0x0000000714b00000)
 ParOldGen       total 175104K, used 54988K [0x0000000540000000, 0x000000054ab00000, 0x00000006eab00000)
  object space 175104K, 31% used [0x0000000540000000,0x00000005435b3358,0x000000054ab00000)
 Metaspace       used 25488K, capacity 25792K, committed 26240K, reserved 1073152K
  class space    used 2998K, capacity 3095K, committed 3200K, reserved 1048576K
}
Event: 9.586 GC heap before
{Heap before GC invocations=11 (full 1):
 PSYoungGen      total 527872K, used 512863K [0x00000006eab00000, 0x0000000714b00000, 0x00000007c0000000)
  eden space 482304K, 100% used [0x00000006eab00000,0x0000000708200000,0x0000000708200000)
  from space 45568K, 67% used [0x0000000708200000,0x0000000709fd7d68,0x000000070ae80000)
  to   space 46080K, 0% used [0x0000000711e00000,0x0000000711e00000,0x0000000714b00000)
 ParOldGen       total 175104K, used 54988K [0x0000000540000000, 0x000000054ab00000, 0x00000006eab00000)
  object space 175104K, 31% used [0x0000000540000000,0x00000005435b3358,0x000000054ab00000)
 Metaspace       used 29110K, capacity 29430K, committed 29824K, reserved 1075200K
  class space    used 3610K, capacity 3710K, committed 3712K, reserved 1048576K
Event: 9.629 GC heap after
Heap after GC invocations=11 (full 1):
 PSYoungGen      total 638976K, used 38443K [0x00000006eab00000, 0x0000000719380000, 0x00000007c0000000)
  eden space 592896K, 0% used [0x00000006eab00000,0x00000006eab00000,0x000000070ee00000)
  from space 46080K, 83% used [0x0000000711e00000,0x000000071438afa8,0x0000000714b00000)
  to   space 49152K, 0% used [0x000000070ee00000,0x000000070ee00000,0x0000000711e00000)
 ParOldGen       total 175104K, used 62162K [0x0000000540000000, 0x000000054ab00000, 0x00000006eab00000)
  object space 175104K, 35% used [0x0000000540000000,0x0000000543cb4a08,0x000000054ab00000)
 Metaspace       used 29110K, capacity 29430K, committed 29824K, reserved 1075200K
  class space    used 3610K, capacity 3710K, committed 3712K, reserved 1048576K
}
Event: 11.119 GC heap before
{Heap before GC invocations=12 (full 1):
 PSYoungGen      total 638976K, used 631339K [0x00000006eab00000, 0x0000000719380000, 0x00000007c0000000)
  eden space 592896K, 100% used [0x00000006eab00000,0x000000070ee00000,0x000000070ee00000)
  from space 46080K, 83% used [0x0000000711e00000,0x000000071438afa8,0x0000000714b00000)
  to   space 49152K, 0% used [0x000000070ee00000,0x000000070ee00000,0x0000000711e00000)
 ParOldGen       total 175104K, used 62162K [0x0000000540000000, 0x000000054ab00000, 0x00000006eab00000)
  object space 175104K, 35% used [0x0000000540000000,0x0000000543cb4a08,0x000000054ab00000)
 Metaspace       used 34634K, capacity 35012K, committed 35328K, reserved 1079296K
  class space    used 4622K, capacity 4759K, committed 4864K, reserved 1048576K
Event: 11.185 GC heap after
Heap after GC invocations=12 (full 1):
 PSYoungGen      total 642048K, used 20773K [0x00000006eab00000, 0x0000000722b00000, 0x00000007c0000000)
  eden space 592896K, 0% used [0x00000006eab00000,0x00000006eab00000,0x000000070ee00000)
  from space 49152K, 42% used [0x000000070ee00000,0x0000000710249738,0x0000000711e00000)
  to   space 47616K, 0% used [0x000000071fc80000,0x000000071fc80000,0x0000000722b00000)
 ParOldGen       total 175104K, used 97910K [0x0000000540000000, 0x000000054ab00000, 0x00000006eab00000)
  object space 175104K, 55% used [0x0000000540000000,0x0000000545f9db20,0x000000054ab00000)
 Metaspace       used 34634K, capacity 35012K, committed 35328K, reserved 1079296K
  class space    used 4622K, capacity 4759K, committed 4864K, reserved 1048576K
}
Event: 11.270 GC heap before
{Heap before GC invocations=13 (full 1):
 PSYoungGen      total 642048K, used 56075K [0x00000006eab00000, 0x0000000722b00000, 0x00000007c0000000)
  eden space 592896K, 5% used [0x00000006eab00000,0x00000006ecd794f0,0x000000070ee00000)
  from space 49152K, 42% used [0x000000070ee00000,0x0000000710249738,0x0000000711e00000)
  to   space 47616K, 0% used [0x000000071fc80000,0x000000071fc80000,0x0000000722b00000)
 ParOldGen       total 175104K, used 97910K [0x0000000540000000, 0x000000054ab00000, 0x00000006eab00000)
  object space 175104K, 55% used [0x0000000540000000,0x0000000545f9db20,0x000000054ab00000)
 Metaspace       used 34850K, capacity 35238K, committed 35496K, reserved 1079296K
  class space    used 4655K, capacity 4792K, committed 4864K, reserved 1048576K
Event: 11.290 GC heap after
Heap after GC invocations=13 (full 1):
 PSYoungGen      total 867840K, used 850K [0x00000006eab00000, 0x0000000726300000, 0x00000007c0000000)
  eden space 820224K, 0% used [0x00000006eab00000,0x00000006eab00000,0x000000071cc00000)
  from space 47616K, 1% used [0x000000071fc80000,0x000000071fd54930,0x0000000722b00000)
  to   space 49664K, 0% used [0x000000071cc00000,0x000000071cc00000,0x000000071fc80000)
 ParOldGen       total 175104K, used 115151K [0x0000000540000000, 0x000000054ab00000, 0x00000006eab00000)
  object space 175104K, 65% used [0x0000000540000000,0x0000000547073f18,0x000000054ab00000)
 Metaspace       used 34850K, capacity 35238K, committed 35496K, reserved 1079296K
  class space    used 4655K, capacity 4792K, committed 4864K, reserved 1048576K
}
Event: 11.290 GC heap before
{Heap before GC invocations=14 (full 2):
 PSYoungGen      total 867840K, used 850K [0x00000006eab00000, 0x0000000726300000, 0x00000007c0000000)
  eden space 820224K, 0% used [0x00000006eab00000,0x00000006eab00000,0x000000071cc00000)
  from space 47616K, 1% used [0x000000071fc80000,0x000000071fd54930,0x0000000722b00000)
  to   space 49664K, 0% used [0x000000071cc00000,0x000000071cc00000,0x000000071fc80000)
 ParOldGen       total 175104K, used 115151K [0x0000000540000000, 0x000000054ab00000, 0x00000006eab00000)
  object space 175104K, 65% used [0x0000000540000000,0x0000000547073f18,0x000000054ab00000)
 Metaspace       used 34850K, capacity 35238K, committed 35496K, reserved 1079296K
  class space    used 4655K, capacity 4792K, committed 4864K, reserved 1048576K
Event: 11.683 GC heap after
Heap after GC invocations=14 (full 2):
 PSYoungGen      total 867840K, used 0K [0x00000006eab00000, 0x0000000726300000, 0x00000007c0000000)
  eden space 820224K, 0% used [0x00000006eab00000,0x00000006eab00000,0x000000071cc00000)
  from space 47616K, 0% used [0x000000071fc80000,0x000000071fc80000,0x0000000722b00000)
  to   space 49664K, 0% used [0x000000071cc00000,0x000000071cc00000,0x000000071fc80000)
 ParOldGen       total 263168K, used 112382K [0x0000000540000000, 0x0000000550100000, 0x00000006eab00000)
  object space 263168K, 42% used [0x0000000540000000,0x0000000546dbfa20,0x0000000550100000)
 Metaspace       used 34850K, capacity 35238K, committed 35496K, reserved 1079296K
  class space    used 4655K, capacity 4792K, committed 4864K, reserved 1048576K
}

Deoptimization events (10 events):
Event: 10.958 Thread 0x00007fabbf809000 Uncommon trap: reason=bimorphic action=maybe_recompile pc=0x000000011646893c method=java.util.AbstractCollection.toArray()[Ljava/lang/Object; @ 1
Event: 10.958 Thread 0x00007fabbf809000 Uncommon trap: reason=bimorphic action=maybe_recompile pc=0x000000011646893c method=java.util.AbstractCollection.toArray()[Ljava/lang/Object; @ 1
Event: 10.958 Thread 0x00007fabbf809000 Uncommon trap: reason=bimorphic action=maybe_recompile pc=0x000000011646893c method=java.util.AbstractCollection.toArray()[Ljava/lang/Object; @ 1
Event: 10.958 Thread 0x00007fabbf809000 Uncommon trap: reason=bimorphic action=maybe_recompile pc=0x000000011646893c method=java.util.AbstractCollection.toArray()[Ljava/lang/Object; @ 1
Event: 11.037 Thread 0x00007fabbf809000 Uncommon trap: reason=unstable_if action=reinterpret pc=0x0000000115c52f60 method=java.util.HashMap.computeIfAbsent(Ljava/lang/Object;Ljava/util/function/Function;)Ljava/lang/Object; @ 44
Event: 11.691 Thread 0x00007fabcc95b800 Uncommon trap: reason=null_check action=make_not_entrant pc=0x0000000115e69ce8 method=sun.nio.fs.UnixPath.encode(Lsun/nio/fs/UnixFileSystem;Ljava/lang/String;)[B @ 6
Event: 11.692 Thread 0x00007fabcc95b800 Uncommon trap: reason=unstable_if action=reinterpret pc=0x000000011572f854 method=java.util.regex.Pattern.atom()Ljava/util/regex/Pattern$Node; @ 239
Event: 11.799 Thread 0x00007fabbf809000 Uncommon trap: reason=bimorphic action=maybe_recompile pc=0x0000000115c054c0 method=sun.security.provider.DigestBase.engineUpdate([BII)V @ 128
Event: 11.826 Thread 0x00007fabbf809000 Uncommon trap: reason=bimorphic action=maybe_recompile pc=0x0000000115c054c0 method=sun.security.provider.DigestBase.engineUpdate([BII)V @ 128
Event: 11.919 Thread 0x00007fabbf809000 Uncommon trap: reason=unstable_if action=reinterpret pc=0x0000000115fcdc5c method=com.google.common.base.AbstractIterator.next()Ljava/lang/Object; @ 4

Classes redefined (0 events):
No events

Internal exceptions (10 events):
Event: 6.776 Thread 0x00007fabbf809000 Exception <a 'java/lang/NullPointerException'> (0x00000006f3a408f8) thrown at [/Users/jenkins/workspace/build-scripts/jobs/jdk8u/jdk8u-mac-x64-hotspot/workspace/build/src/hotspot/src/share/vm/runtime/sharedRuntime.cpp, line 605]
Event: 6.869 Thread 0x00007fabbf809000 Implicit null exception at 0x0000000115766307 to 0x0000000115766ad9
Event: 7.311 Thread 0x00007fabbf809000 Exception <a 'java/io/FileNotFoundException'> (0x00000006fa6e4908) thrown at [/Users/jenkins/workspace/build-scripts/jobs/jdk8u/jdk8u-mac-x64-hotspot/workspace/build/src/hotspot/src/share/vm/prims/jni.cpp, line 710]
Event: 7.311 Thread 0x00007fabbf809000 Exception <a 'java/io/FileNotFoundException'> (0x00000006fa6e5bd0) thrown at [/Users/jenkins/workspace/build-scripts/jobs/jdk8u/jdk8u-mac-x64-hotspot/workspace/build/src/hotspot/src/share/vm/prims/jni.cpp, line 710]
Event: 7.342 Thread 0x00007fabbf809000 Exception <a 'java/lang/UnsatisfiedLinkError'> (0x00000006fa6fde60) thrown at [/Users/jenkins/workspace/build-scripts/jobs/jdk8u/jdk8u-mac-x64-hotspot/workspace/build/src/hotspot/src/share/vm/prims/jvm.cpp, line 1506]
Event: 8.140 Thread 0x00007fabbf809000 Implicit null exception at 0x0000000115a19675 to 0x0000000115a19891
Event: 8.140 Thread 0x00007fabbf809000 Implicit null exception at 0x000000011582932f to 0x0000000115829399
Event: 11.037 Thread 0x00007fabbf809000 Implicit null exception at 0x0000000115c527e5 to 0x0000000115c52f31
Event: 11.691 Thread 0x00007fabcc95b800 Implicit null exception at 0x0000000115e6930c to 0x0000000115e69cd9
Event: 11.904 Thread 0x00007fabcc95b800 Exception <a 'java/security/PrivilegedActionException'> (0x00000006ebb0b1f0) thrown at [/Users/jenkins/workspace/build-scripts/jobs/jdk8u/jdk8u-mac-x64-hotspot/workspace/build/src/hotspot/src/share/vm/prims/jvm.cpp, line 1502]

Events (10 events):
Event: 13.484 loading class org/lwjgl/opengl/ContextGL
Event: 13.484 loading class org/lwjgl/opengl/ContextGL done
Event: 13.486 loading class org/lwjgl/opengl/ContextImplementation
Event: 13.486 loading class org/lwjgl/opengl/ContextImplementation done
Event: 13.486 loading class org/lwjgl/opengl/MacOSXContextImplementation
Event: 13.486 loading class org/lwjgl/opengl/MacOSXContextImplementation done
Event: 13.486 loading class org/lwjgl/opengl/GLContext
Event: 13.486 loading class org/lwjgl/opengl/GLContext done
Event: 13.487 loading class org/lwjgl/opengl/GLContext$CapabilitiesCacheEntry
Event: 13.487 loading class org/lwjgl/opengl/GLContext$CapabilitiesCacheEntry done


Dynamic libraries:
0x00007fff3507f000 	/System/Library/Frameworks/Cocoa.framework/Versions/A/Cocoa
0x00007fff223f4000 	/System/Library/Frameworks/Security.framework/Versions/A/Security
0x00007fff3328c000 	/System/Library/Frameworks/ApplicationServices.framework/Versions/A/ApplicationServices
0x00007fff2a671000 	/usr/lib/libz.1.dylib
0x00007fff2a739000 	/usr/lib/libSystem.B.dylib
0x00007fff20400000 	/usr/lib/libobjc.A.dylib
0x00007fff2138d000 	/System/Library/Frameworks/Foundation.framework/Versions/C/Foundation
0x00007fff205e0000 	/System/Library/Frameworks/CoreFoundation.framework/Versions/A/CoreFoundation
0x00007fff22e22000 	/System/Library/Frameworks/AppKit.framework/Versions/C/AppKit
0x00007fff25ce1000 	/System/Library/Frameworks/CoreData.framework/Versions/A/CoreData
0x00007fff23b6b000 	/System/Library/PrivateFrameworks/UIFoundation.framework/Versions/A/UIFoundation
0x00007fff2fd62000 	/System/Library/PrivateFrameworks/RemoteViewServices.framework/Versions/A/RemoteViewServices
0x00007fff28b7d000 	/System/Library/PrivateFrameworks/XCTTargetBootstrap.framework/Versions/A/XCTTargetBootstrap
0x00007fff2b862000 	/usr/lib/libspindump.dylib
0x00007fff23dba000 	/System/Library/Frameworks/UniformTypeIdentifiers.framework/Versions/A/UniformTypeIdentifiers
0x00007fff2737d000 	/usr/lib/libapp_launch_measurement.dylib
0x00007fff27380000 	/System/Library/PrivateFrameworks/CoreAutoLayout.framework/Versions/A/CoreAutoLayout
0x00007fff284e0000 	/System/Library/Frameworks/Metal.framework/Versions/A/Metal
0x00007fff291da000 	/usr/lib/liblangid.dylib
0x00007fff28b81000 	/System/Library/PrivateFrameworks/CoreSVG.framework/Versions/A/CoreSVG
0x00007fff24df9000 	/System/Library/PrivateFrameworks/SkyLight.framework/Versions/A/SkyLight
0x00007fff2515e000 	/System/Library/Frameworks/CoreGraphics.framework/Versions/A/CoreGraphics
0x00007fff30289000 	/System/Library/Frameworks/Accelerate.framework/Versions/A/Accelerate
0x00007fff2b2a0000 	/System/Library/PrivateFrameworks/IconServices.framework/Versions/A/IconServices
0x00007fff284c4000 	/System/Library/Frameworks/IOSurface.framework/Versions/A/IOSurface
0x00007fff26669000 	/usr/lib/libDiagnosticMessagesClient.dylib
0x00007fff28b69000 	/System/Library/PrivateFrameworks/DFRFoundation.framework/Versions/A/DFRFoundation
0x00007fff22749000 	/usr/lib/libicucore.A.dylib
0x00007fff2cda9000 	/System/Library/Frameworks/AudioToolbox.framework/Versions/A/AudioToolbox
0x00007fff2c033000 	/System/Library/PrivateFrameworks/DataDetectorsCore.framework/Versions/A/DataDetectorsCore
0x00007fff24d6d000 	/usr/lib/libMobileGestalt.dylib
0x00007fff2886d000 	/System/Library/Frameworks/Carbon.framework/Versions/A/Frameworks/HIToolbox.framework/Versions/A/HIToolbox
0x00007fff26dc3000 	/System/Library/Frameworks/QuartzCore.framework/Versions/A/QuartzCore
0x00007fff2fd9a000 	/System/Library/Frameworks/Carbon.framework/Versions/A/Frameworks/SpeechRecognition.framework/Versions/A/SpeechRecognition
0x00007fff270e2000 	/System/Library/PrivateFrameworks/CoreUI.framework/Versions/A/CoreUI
0x00007fff21d63000 	/System/Library/Frameworks/CoreAudio.framework/Versions/A/CoreAudio
0x00007fff26754000 	/System/Library/Frameworks/DiskArbitration.framework/Versions/A/DiskArbitration
0x00007fff2bc30000 	/System/Library/PrivateFrameworks/MultitouchSupport.framework/Versions/A/MultitouchSupport
0x00007fff2c02a000 	/System/Library/PrivateFrameworks/InternationalSupport.framework/Versions/A/InternationalSupport
0x00007fff24d6c000 	/usr/lib/libenergytrace.dylib
0x00007fff22d19000 	/System/Library/Frameworks/IOKit.framework/Versions/A/IOKit
0x00007fff300cd000 	/System/Library/Frameworks/CoreServices.framework/Versions/A/CoreServices
0x00007fff2730f000 	/System/Library/PrivateFrameworks/PerformanceAnalysis.framework/Versions/A/PerformanceAnalysis
0x00007fff6bb81000 	/System/Library/Frameworks/OpenGL.framework/Versions/A/OpenGL
0x00007fff2c0ae000 	/System/Library/PrivateFrameworks/UserActivity.framework/Versions/A/UserActivity
0x00007fff257e8000 	/System/Library/Frameworks/ColorSync.framework/Versions/A/ColorSync
0x00007fff28de8000 	/System/Library/Frameworks/CoreImage.framework/Versions/A/CoreImage
0x00007fff21b7d000 	/System/Library/Frameworks/CoreText.framework/Versions/A/CoreText
0x00007fff28bab000 	/System/Library/Frameworks/ImageIO.framework/Versions/A/ImageIO
0x00007fff2a73f000 	/System/Library/PrivateFrameworks/SoftLinking.framework/Versions/A/SoftLinking
0x00007fff273c8000 	/usr/lib/libxml2.2.dylib
0x00007fff204c6000 	/usr/lib/libc++.1.dylib
0x00007fff2a9b0000 	/usr/lib/libcompression.dylib
0x00007fff2bf5c000 	/System/Library/PrivateFrameworks/TextureIO.framework/Versions/A/TextureIO
0x00007fff2afdf000 	/usr/lib/libate.dylib
0x00007fff2a733000 	/usr/lib/system/libcache.dylib
0x00007fff2a6ef000 	/usr/lib/system/libcommonCrypto.dylib
0x00007fff2a719000 	/usr/lib/system/libcompiler_rt.dylib
0x00007fff2a70e000 	/usr/lib/system/libcopyfile.dylib
0x00007fff202f0000 	/usr/lib/system/libcorecrypto.dylib
0x00007fff203bb000 	/usr/lib/system/libdispatch.dylib
0x00007fff2056e000 	/usr/lib/system/libdyld.dylib
0x00007fff2a72a000 	/usr/lib/system/libkeymgr.dylib
0x00007fff2db40000 	/usr/lib/system/liblaunch.dylib
0x00007fff2a6cd000 	/usr/lib/system/libmacho.dylib
0x00007fff29ec5000 	/usr/lib/system/libquarantine.dylib
0x00007fff2a727000 	/usr/lib/system/libremovefile.dylib
0x00007fff24dca000 	/usr/lib/system/libsystem_asl.dylib
0x00007fff202a0000 	/usr/lib/system/libsystem_blocks.dylib
0x00007fff2043d000 	/usr/lib/system/libsystem_c.dylib
0x00007fff2a721000 	/usr/lib/system/libsystem_collections.dylib
0x00007fff291cb000 	/usr/lib/system/libsystem_configuration.dylib
0x00007fff284b3000 	/usr/lib/system/libsystem_containermanager.dylib
0x00007fff2a470000 	/usr/lib/system/libsystem_coreservices.dylib
0x00007fff229a9000 	/usr/lib/system/libsystem_darwin.dylib
0x00007fff2a72b000 	/usr/lib/system/libsystem_dnssd.dylib
0x00007fff2043a000 	/usr/lib/system/libsystem_featureflags.dylib
0x00007fff205b4000 	/usr/lib/system/libsystem_info.dylib
0x00007fff2a684000 	/usr/lib/system/libsystem_m.dylib
0x00007fff2038e000 	/usr/lib/system/libsystem_malloc.dylib
0x00007fff24d5d000 	/usr/lib/system/libsystem_networkextension.dylib
0x00007fff22dc8000 	/usr/lib/system/libsystem_notify.dylib
0x00007fff2ffcf000 	/usr/lib/system/libsystem_product_info_filter.dylib
0x00007fff291cf000 	/usr/lib/system/libsystem_sandbox.dylib
0x00007fff2a724000 	/usr/lib/system/libsystem_secinit.dylib
0x00007fff20532000 	/usr/lib/system/libsystem_kernel.dylib
0x00007fff205aa000 	/usr/lib/system/libsystem_platform.dylib
0x00007fff20562000 	/usr/lib/system/libsystem_pthread.dylib
0x00007fff264a5000 	/usr/lib/system/libsystem_symptoms.dylib
0x00007fff202d8000 	/usr/lib/system/libsystem_trace.dylib
0x00007fff2a6fb000 	/usr/lib/system/libunwind.dylib
0x00007fff202a2000 	/usr/lib/system/libxpc.dylib
0x00007fff2051c000 	/usr/lib/libc++abi.dylib
0x00007fff2a706000 	/usr/lib/liboah.dylib
0x00007fff2adc4000 	/usr/lib/liblzma.5.dylib
0x00007fff210a1000 	/System/Library/Frameworks/SystemConfiguration.framework/Versions/A/SystemConfiguration
0x00007fff2a73b000 	/usr/lib/libfakelink.dylib
0x00007fff248be000 	/System/Library/Frameworks/CFNetwork.framework/Versions/A/CFNetwork
0x00007fff2a87b000 	/usr/lib/libarchive.2.dylib
0x00007fff2111f000 	/usr/lib/libCRFSuite.dylib
0x00007fff29eec000 	/usr/lib/libbsm.0.dylib
0x00007fff24237000 	/usr/lib/libnetwork.dylib
0x00007fff2a740000 	/usr/lib/libpcap.A.dylib
0x00007fff2649e000 	/usr/lib/libdns_services.dylib
0x00007fff2addd000 	/usr/lib/libcoretls_cfhelpers.dylib
0x00007fff2a97a000 	/usr/lib/libapple_nghttp2.dylib
0x00007fff2a6d3000 	/usr/lib/system/libkxld.dylib
0x00007fff26117000 	/usr/lib/libsqlite3.dylib
0x00007fff2a453000 	/System/Library/PrivateFrameworks/AppleFSCompression.framework/Versions/A/AppleFSCompression
0x00007fff29ed4000 	/usr/lib/libcoretls.dylib
0x00007fff2a9ab000 	/usr/lib/libpam.2.dylib
0x00007fff2aedb000 	/usr/lib/libxar.1.dylib
0x00007fff291d6000 	/System/Library/PrivateFrameworks/AppleSystemInfo.framework/Versions/A/AppleSystemInfo
0x00007fff29b16000 	/System/Library/PrivateFrameworks/IOMobileFramebuffer.framework/Versions/A/IOMobileFramebuffer
0x00007fff2a463000 	/usr/lib/libbz2.1.0.dylib
0x00007fff2a778000 	/usr/lib/libiconv.2.dylib
0x00007fff2a6cc000 	/usr/lib/libcharset.1.dylib
0x00007fff2734b000 	/System/Library/Frameworks/CoreServices.framework/Versions/A/Frameworks/FSEvents.framework/Versions/A/FSEvents
0x00007fff229b3000 	/System/Library/Frameworks/CoreServices.framework/Versions/A/Frameworks/CarbonCore.framework/Versions/A/CarbonCore
0x00007fff266b9000 	/System/Library/Frameworks/CoreServices.framework/Versions/A/Frameworks/Metadata.framework/Versions/A/Metadata
0x00007fff2a475000 	/System/Library/Frameworks/CoreServices.framework/Versions/A/Frameworks/OSServices.framework/Versions/A/OSServices
0x00007fff2a8ed000 	/System/Library/Frameworks/CoreServices.framework/Versions/A/Frameworks/SearchKit.framework/Versions/A/SearchKit
0x00007fff26429000 	/System/Library/Frameworks/CoreServices.framework/Versions/A/Frameworks/AE.framework/Versions/A/AE
0x00007fff20a7e000 	/System/Library/Frameworks/CoreServices.framework/Versions/A/Frameworks/LaunchServices.framework/Versions/A/LaunchServices
0x00007fff2ad74000 	/System/Library/Frameworks/CoreServices.framework/Versions/A/Frameworks/DictionaryServices.framework/Versions/A/DictionaryServices
0x00007fff27358000 	/System/Library/Frameworks/CoreServices.framework/Versions/A/Frameworks/SharedFileList.framework/Versions/A/SharedFileList
0x00007fff29ec8000 	/usr/lib/libCheckFix.dylib
0x00007fff24de1000 	/System/Library/PrivateFrameworks/TCC.framework/Versions/A/TCC
0x00007fff291dc000 	/System/Library/PrivateFrameworks/CoreNLP.framework/Versions/A/CoreNLP
0x00007fff2666c000 	/System/Library/PrivateFrameworks/MetadataUtilities.framework/Versions/A/MetadataUtilities
0x00007fff21154000 	/usr/lib/libmecabra.dylib
0x00007fff2a1d2000 	/System/Library/Frameworks/MLCompute.framework/Versions/A/MLCompute
0x00007fff29efd000 	/usr/lib/libmecab.dylib
0x00007fff29f47000 	/usr/lib/libgermantok.dylib
0x00007fff2a955000 	/usr/lib/libThaiTokenizer.dylib
0x00007fff2af16000 	/usr/lib/libChineseTokenizer.dylib
0x00007fff2a9a9000 	/System/Library/Frameworks/MetalPerformanceShaders.framework/Versions/A/MetalPerformanceShaders
0x00007fff2675b000 	/System/Library/Frameworks/Accelerate.framework/Versions/A/Frameworks/vImage.framework/Versions/A/vImage
0x00007fff300a7000 	/System/Library/Frameworks/Accelerate.framework/Versions/A/Frameworks/vecLib.framework/Versions/A/vecLib
0x00007fff2af21000 	/System/Library/Frameworks/Accelerate.framework/Versions/A/Frameworks/vecLib.framework/Versions/A/libvMisc.dylib
0x00007fff29931000 	/System/Library/Frameworks/Accelerate.framework/Versions/A/Frameworks/vecLib.framework/Versions/A/libvDSP.dylib
0x00007fff20d87000 	/System/Library/Frameworks/Accelerate.framework/Versions/A/Frameworks/vecLib.framework/Versions/A/libBLAS.dylib
0x00007fff2a9d6000 	/System/Library/Frameworks/Accelerate.framework/Versions/A/Frameworks/vecLib.framework/Versions/A/libLAPACK.dylib
0x00007fff29f4d000 	/System/Library/Frameworks/Accelerate.framework/Versions/A/Frameworks/vecLib.framework/Versions/A/libLinearAlgebra.dylib
0x00007fff2a992000 	/System/Library/Frameworks/Accelerate.framework/Versions/A/Frameworks/vecLib.framework/Versions/A/libSparseBLAS.dylib
0x00007fff2a9d0000 	/System/Library/Frameworks/Accelerate.framework/Versions/A/Frameworks/vecLib.framework/Versions/A/libQuadrature.dylib
0x00007fff29288000 	/System/Library/Frameworks/Accelerate.framework/Versions/A/Frameworks/vecLib.framework/Versions/A/libBNNS.dylib
0x00007fff21032000 	/System/Library/Frameworks/Accelerate.framework/Versions/A/Frameworks/vecLib.framework/Versions/A/libSparse.dylib
0x00007fff29164000 	/System/Library/Frameworks/MetalPerformanceShaders.framework/Versions/A/Frameworks/MPSCore.framework/Versions/A/MPSCore
0x00007fff2a3c2000 	/System/Library/Frameworks/MetalPerformanceShaders.framework/Versions/A/Frameworks/MPSImage.framework/Versions/A/MPSImage
0x00007fff29f63000 	/System/Library/Frameworks/MetalPerformanceShaders.framework/Versions/A/Frameworks/MPSNeuralNetwork.framework/Versions/A/MPSNeuralNetwork
0x00007fff2a334000 	/System/Library/Frameworks/MetalPerformanceShaders.framework/Versions/A/Frameworks/MPSMatrix.framework/Versions/A/MPSMatrix
0x00007fff2a182000 	/System/Library/Frameworks/MetalPerformanceShaders.framework/Versions/A/Frameworks/MPSRayIntersector.framework/Versions/A/MPSRayIntersector
0x00007fff2a36b000 	/System/Library/Frameworks/MetalPerformanceShaders.framework/Versions/A/Frameworks/MPSNDArray.framework/Versions/A/MPSNDArray
0x00007fff20cb3000 	/System/Library/PrivateFrameworks/MetalTools.framework/Versions/A/MetalTools
0x00007fff291d4000 	/System/Library/PrivateFrameworks/AggregateDictionary.framework/Versions/A/AggregateDictionary
0x00007fff26639000 	/System/Library/PrivateFrameworks/CoreAnalytics.framework/Versions/A/CoreAnalytics
0x00007fff2a957000 	/System/Library/PrivateFrameworks/AppleSauce.framework/Versions/A/AppleSauce
0x00007fff284d6000 	/System/Library/PrivateFrameworks/IOAccelerator.framework/Versions/A/IOAccelerator
0x00007fff6bb75000 	/System/Library/Frameworks/OpenGL.framework/Versions/A/Libraries/libCoreFSCache.dylib
0x00007fff216ec000 	/System/Library/PrivateFrameworks/LanguageModeling.framework/Versions/A/LanguageModeling
0x00007fff29b04000 	/System/Library/PrivateFrameworks/CoreEmoji.framework/Versions/A/CoreEmoji
0x00007fff29281000 	/System/Library/PrivateFrameworks/LinguisticData.framework/Versions/A/LinguisticData
0x00007fff20fe4000 	/System/Library/PrivateFrameworks/Lexicon.framework/Versions/A/Lexicon
0x00007fff2a869000 	/usr/lib/libcmph.dylib
0x00007fff2732b000 	/System/Library/Frameworks/OpenDirectory.framework/Versions/A/Frameworks/CFOpenDirectory.framework/Versions/A/CFOpenDirectory
0x00007fff2731b000 	/System/Library/Frameworks/OpenDirectory.framework/Versions/A/OpenDirectory
0x00007fff2addf000 	/System/Library/PrivateFrameworks/APFS.framework/Versions/A/APFS
0x00007fff29e2a000 	/System/Library/Frameworks/SecurityFoundation.framework/Versions/A/SecurityFoundation
0x00007fff2aee9000 	/usr/lib/libutil.dylib
0x00007fff22cde000 	/System/Library/PrivateFrameworks/CoreServicesStore.framework/Versions/A/CoreServicesStore
0x00007fff29ec0000 	/System/Library/Frameworks/ServiceManagement.framework/Versions/A/ServiceManagement
0x00007fff2aeed000 	/usr/lib/libxslt.1.dylib
0x00007fff29eb6000 	/System/Library/PrivateFrameworks/BackgroundTaskManagement.framework/Versions/A/BackgroundTaskManagement
0x00007fff2bea6000 	/System/Library/Frameworks/ImageIO.framework/Versions/A/Resources/libRadiance.dylib
0x00007fff2beb0000 	/System/Library/Frameworks/ImageIO.framework/Versions/A/Resources/libJPEG.dylib
0x00007fff2bdfa000 	/System/Library/Frameworks/ImageIO.framework/Versions/A/Resources/libPng.dylib
0x00007fff2be21000 	/System/Library/Frameworks/ImageIO.framework/Versions/A/Resources/libTIFF.dylib
0x00007fff2bf05000 	/System/Library/Frameworks/ImageIO.framework/Versions/A/Resources/libGIF.dylib
0x00007fff2bb4c000 	/System/Library/Frameworks/ImageIO.framework/Versions/A/Resources/libJP2.dylib
0x00007fff2b268000 	/usr/lib/libexpat.1.dylib
0x00007fff2bb02000 	/System/Library/PrivateFrameworks/AppleJPEG.framework/Versions/A/AppleJPEG
0x00007fff2870c000 	/System/Library/PrivateFrameworks/FontServices.framework/libFontParser.dylib
0x00007fff263e0000 	/System/Library/PrivateFrameworks/RunningBoardServices.framework/Versions/A/RunningBoardServices
0x00007fff2bc2c000 	/System/Library/PrivateFrameworks/WatchdogClient.framework/Versions/A/WatchdogClient
0x00007fff217d5000 	/System/Library/Frameworks/CoreDisplay.framework/Versions/A/CoreDisplay
0x00007fff28621000 	/System/Library/Frameworks/CoreMedia.framework/Versions/A/CoreMedia
0x00007fff274ab000 	/System/Library/Frameworks/CoreVideo.framework/Versions/A/CoreVideo
0x00007fff2bc67000 	/System/Library/Frameworks/VideoToolbox.framework/Versions/A/VideoToolbox
0x00007fff26360000 	/System/Library/PrivateFrameworks/BaseBoard.framework/Versions/A/BaseBoard
0x00007fff2b3ac000 	/System/Library/PrivateFrameworks/PersistentConnection.framework/Versions/A/PersistentConnection
0x00007fff26101000 	/System/Library/PrivateFrameworks/ProtocolBuffer.framework/Versions/A/ProtocolBuffer
0x00007fff26348000 	/System/Library/PrivateFrameworks/CommonUtilities.framework/Versions/A/CommonUtilities
0x00007fff2bac5000 	/System/Library/PrivateFrameworks/Bom.framework/Versions/A/Bom
0x00007fff2be9e000 	/System/Library/PrivateFrameworks/GPUWrangler.framework/Versions/A/GPUWrangler
0x00007fff2be81000 	/System/Library/PrivateFrameworks/IOPresentment.framework/Versions/A/IOPresentment
0x00007fff2beaa000 	/System/Library/PrivateFrameworks/DSExternalDisplay.framework/Versions/A/DSExternalDisplay
0x00007fff2bf0a000 	/System/Library/PrivateFrameworks/CMCaptureCore.framework/Versions/A/CMCaptureCore
0x00007fff2b848000 	/System/Library/PrivateFrameworks/AppServerSupport.framework/Versions/A/AppServerSupport
0x00007fff2d8e3000 	/System/Library/PrivateFrameworks/perfdata.framework/Versions/A/perfdata
0x00007fff29e19000 	/System/Library/PrivateFrameworks/AssertionServices.framework/Versions/A/AssertionServices
0x00007fff2190c000 	/System/Library/PrivateFrameworks/AudioToolboxCore.framework/Versions/A/AudioToolboxCore
0x00007fff28604000 	/System/Library/PrivateFrameworks/caulk.framework/Versions/A/caulk
0x00007fff3cd1b000 	/System/Library/PrivateFrameworks/SystemPolicy.framework/Versions/A/SystemPolicy
0x00007fff2b077000 	/usr/lib/libIOReport.dylib
0x00007fff2d11f000 	/usr/lib/libSMC.dylib
0x00007fff2bdc6000 	/usr/lib/libAudioToolboxUtility.dylib
0x00007fff3d675000 	/usr/lib/libmis.dylib
0x00007fff6bbd1000 	/System/Library/Frameworks/OpenGL.framework/Versions/A/Libraries/libGLU.dylib
0x00007fff6bb94000 	/System/Library/Frameworks/OpenGL.framework/Versions/A/Libraries/libGFXShared.dylib
0x00007fff6bda2000 	/System/Library/Frameworks/OpenGL.framework/Versions/A/Libraries/libGL.dylib
0x00007fff6bb9d000 	/System/Library/Frameworks/OpenGL.framework/Versions/A/Libraries/libGLImage.dylib
0x00007fff6bb91000 	/System/Library/Frameworks/OpenGL.framework/Versions/A/Libraries/libCVMSPluginSupport.dylib
0x00007fff6bb7c000 	/System/Library/Frameworks/OpenGL.framework/Versions/A/Libraries/libCoreVMClient.dylib
0x00007fff6d1ec000 	/System/Library/Frameworks/OpenCL.framework/Versions/A/OpenCL
0x00007fff2b3d5000 	/System/Library/PrivateFrameworks/GraphVisualizer.framework/Versions/A/GraphVisualizer
0x00007fff2b3e4000 	/System/Library/PrivateFrameworks/FaceCore.framework/Versions/A/FaceCore
0x00007fff2b800000 	/System/Library/PrivateFrameworks/OTSVG.framework/Versions/A/OTSVG
0x00007fff270a0000 	/System/Library/Frameworks/ApplicationServices.framework/Versions/A/Frameworks/ATS.framework/Versions/A/Resources/libFontRegistry.dylib
0x00007fff2b84f000 	/System/Library/PrivateFrameworks/FontServices.framework/libhvf.dylib
0x00007fff2b214000 	/System/Library/PrivateFrameworks/AppleVA.framework/Versions/A/AppleVA
0x00007fff2cf67000 	/System/Library/Frameworks/ApplicationServices.framework/Versions/A/Frameworks/ATS.framework/Versions/A/ATS
0x00007fff2d27a000 	/System/Library/Frameworks/ApplicationServices.framework/Versions/A/Frameworks/ColorSyncLegacy.framework/Versions/A/ColorSyncLegacy
0x00007fff258df000 	/System/Library/Frameworks/ApplicationServices.framework/Versions/A/Frameworks/HIServices.framework/Versions/A/HIServices
0x00007fff2d25f000 	/System/Library/Frameworks/ApplicationServices.framework/Versions/A/Frameworks/LangAnalysis.framework/Versions/A/LangAnalysis
0x00007fff2bf14000 	/System/Library/Frameworks/ApplicationServices.framework/Versions/A/Frameworks/PrintCore.framework/Versions/A/PrintCore
0x00007fff2d282000 	/System/Library/Frameworks/ApplicationServices.framework/Versions/A/Frameworks/QD.framework/Versions/A/QD
0x00007fff2cf57000 	/System/Library/Frameworks/ApplicationServices.framework/Versions/A/Frameworks/SpeechSynthesis.framework/Versions/A/SpeechSynthesis
0x00007fff2bed5000 	/System/Library/Frameworks/ApplicationServices.framework/Versions/A/Frameworks/ATSUI.framework/Versions/A/ATSUI
0x00007fff2d1ff000 	/usr/lib/libcups.2.dylib
0x00007fff2d26f000 	/System/Library/PrivateFrameworks/NetAuth.framework/Versions/A/NetAuth
0x00007fff2d8fe000 	/System/Library/Frameworks/Kerberos.framework/Versions/A/Kerberos
0x00007fff2d90e000 	/System/Library/Frameworks/GSS.framework/Versions/A/GSS
0x00007fff2cfd4000 	/usr/lib/libresolv.9.dylib
0x00007fff2b865000 	/System/Library/PrivateFrameworks/Heimdal.framework/Versions/A/Heimdal
0x00007fff335a1000 	/System/Library/Frameworks/Kerberos.framework/Versions/A/Libraries/libHeimdalProxy.dylib
0x00007fff264ad000 	/System/Library/Frameworks/Network.framework/Versions/A/Network
0x00007fff2b281000 	/usr/lib/libheimdal-asn1.dylib
0x00007fff2d95f000 	/System/Library/PrivateFrameworks/CommonAuth.framework/Versions/A/CommonAuth
0x00007fff274f9000 	/System/Library/PrivateFrameworks/login.framework/Versions/A/Frameworks/loginsupport.framework/Versions/A/loginsupport
0x00007fff2cede000 	/System/Library/PrivateFrameworks/AudioSession.framework/Versions/A/AudioSession
0x00007fff2cf44000 	/usr/lib/libAudioStatistics.dylib
0x00007fff2b30d000 	/System/Library/PrivateFrameworks/MediaExperience.framework/Versions/A/MediaExperience
0x00007fff2cd77000 	/System/Library/PrivateFrameworks/AudioSession.framework/libSessionUtility.dylib
0x00007fff2d8ef000 	/usr/lib/libperfcheck.dylib
0x00007fff2d28e000 	/System/Library/PrivateFrameworks/AudioResourceArbitration.framework/Versions/A/AudioResourceArbitration
0x00007fff2b28b000 	/System/Library/PrivateFrameworks/IconFoundation.framework/Versions/A/IconFoundation
0x00007fff2fd8a000 	/System/Library/PrivateFrameworks/SpeechRecognitionCore.framework/Versions/A/SpeechRecognitionCore
0x0000000111800000 	/Users/tristanpoland/Library/Application Support/gdlauncher_next/java/8u242-b08/lib/server/libjvm.dylib
0x00007fff78104000 	/usr/lib/libstdc++.6.dylib
0x000000010d238000 	/Users/tristanpoland/Library/Application Support/gdlauncher_next/java/8u242-b08/lib/libverify.dylib
0x000000010d245000 	/Users/tristanpoland/Library/Application Support/gdlauncher_next/java/8u242-b08/lib/libjava.dylib
0x000000010d2c5000 	/Users/tristanpoland/Library/Application Support/gdlauncher_next/java/8u242-b08/lib/libzip.dylib
0x000000010d797000 	/Users/tristanpoland/Library/Application Support/gdlauncher_next/java/8u242-b08/lib/libnio.dylib
0x000000010d7a7000 	/Users/tristanpoland/Library/Application Support/gdlauncher_next/java/8u242-b08/lib/libnet.dylib
0x00000001152f4000 	/Users/tristanpoland/Library/Application Support/gdlauncher_next/java/8u242-b08/lib/libmanagement.dylib
0x0000000115400000 	/Users/tristanpoland/Library/Application Support/gdlauncher_next/java/8u242-b08/lib/libunpack.dylib
0x000000013c609000 	/Users/tristanpoland/Library/Application Support/gdlauncher_next/java/8u242-b08/lib/libawt.dylib
0x000000013c6b2000 	/Users/tristanpoland/Library/Application Support/gdlauncher_next/java/8u242-b08/lib/libmlib_image.dylib
0x00007fff6eb21000 	/System/Library/Frameworks/JavaNativeFoundation.framework/Versions/A/JavaNativeFoundation
0x00007fff6eb2d000 	/System/Library/Frameworks/JavaRuntimeSupport.framework/Versions/A/JavaRuntimeSupport
0x00007fff3ca65000 	/System/Library/Frameworks/Carbon.framework/Versions/A/Carbon
0x00007fff31bfb000 	/System/Library/PrivateFrameworks/CoreSymbolication.framework/Versions/A/CoreSymbolication
0x00007fff3651c000 	/System/Library/Frameworks/Carbon.framework/Versions/A/Frameworks/CommonPanels.framework/Versions/A/CommonPanels
0x00007fff33036000 	/System/Library/Frameworks/Carbon.framework/Versions/A/Frameworks/Help.framework/Versions/A/Help
0x00007fff36520000 	/System/Library/Frameworks/Carbon.framework/Versions/A/Frameworks/ImageCapture.framework/Versions/A/ImageCapture
0x00007fff364f0000 	/System/Library/Frameworks/Carbon.framework/Versions/A/Frameworks/OpenScripting.framework/Versions/A/OpenScripting
0x00007fff36518000 	/System/Library/Frameworks/Carbon.framework/Versions/A/Frameworks/Ink.framework/Versions/A/Ink
0x00007fff3ca61000 	/System/Library/Frameworks/Carbon.framework/Versions/A/Frameworks/Print.framework/Versions/A/Print
0x00007fff36514000 	/System/Library/Frameworks/Carbon.framework/Versions/A/Frameworks/SecurityHI.framework/Versions/A/SecurityHI
0x00007fff31bbf000 	/System/Library/PrivateFrameworks/DebugSymbols.framework/Versions/A/DebugSymbols
0x000000013c77e000 	/Users/tristanpoland/Library/Application Support/gdlauncher_next/java/8u242-b08/lib/libawt_lwawt.dylib
0x0000000115419000 	/Users/tristanpoland/Library/Application Support/gdlauncher_next/java/8u242-b08/lib/libosxapp.dylib
0x00007fff3c080000 	/System/Library/Frameworks/ExceptionHandling.framework/Versions/A/ExceptionHandling
0x00007fff22c9f000 	/System/Library/PrivateFrameworks/CoreServicesInternal.framework/Versions/A/CoreServicesInternal
0x00007fff31111000 	/System/Library/Frameworks/FileProvider.framework/Versions/A/FileProvider
0x00007fff262cb000 	/System/Library/Frameworks/Accounts.framework/Versions/A/Accounts
0x00007fff31261000 	/System/Library/PrivateFrameworks/GenerationalStorage.framework/Versions/A/GenerationalStorage
0x00007fff30b31000 	/System/Library/PrivateFrameworks/SymptomDiagnosticReporter.framework/Versions/A/SymptomDiagnosticReporter
0x00007fff23dcd000 	/System/Library/PrivateFrameworks/DesktopServicesPriv.framework/Versions/A/DesktopServicesPriv
0x00007fff22dd4000 	/usr/lib/libsandbox.1.dylib
0x00007fff27524000 	/System/Library/PrivateFrameworks/UserManagement.framework/Versions/A/UserManagement
0x00007fff29df6000 	/System/Library/PrivateFrameworks/MobileKeyBag.framework/Versions/A/MobileKeyBag
0x00007fff34623000 	/System/Library/PrivateFrameworks/ChunkingLibrary.framework/Versions/A/ChunkingLibrary
0x00007fff2e322000 	/System/Library/PrivateFrameworks/Sharing.framework/Versions/A/Sharing
0x00007fff32ba3000 	/System/Library/PrivateFrameworks/Apple80211.framework/Versions/A/Apple80211
0x00007fff2a4a3000 	/System/Library/PrivateFrameworks/AuthKit.framework/Versions/A/AuthKit
0x00007fff29bf4000 	/System/Library/PrivateFrameworks/CoreUtils.framework/Versions/A/CoreUtils
0x00007fff29b21000 	/System/Library/Frameworks/CoreWLAN.framework/Versions/A/CoreWLAN
0x00007fff2e46e000 	/System/Library/Frameworks/IOBluetooth.framework/Versions/A/IOBluetooth
0x00007fff32c07000 	/System/Library/PrivateFrameworks/CoreWiFi.framework/Versions/A/CoreWiFi
0x00007fff2d9e5000 	/System/Library/PrivateFrameworks/CorePhoneNumbers.framework/Versions/A/CorePhoneNumbers
0x00007fff30c38000 	/System/Library/PrivateFrameworks/DiskManagement.framework/Versions/A/DiskManagement
0x00007fff30b4e000 	/System/Library/PrivateFrameworks/AppleIDAuthSupport.framework/Versions/A/AppleIDAuthSupport
0x00007fff2d9c5000 	/System/Library/PrivateFrameworks/KeychainCircle.framework/Versions/A/KeychainCircle
0x00007fff30c04000 	/System/Library/PrivateFrameworks/MediaKit.framework/Versions/A/MediaKit
0x00007fff30b5b000 	/System/Library/Frameworks/DiscRecording.framework/Versions/A/DiscRecording
0x00007fff2b188000 	/usr/lib/libCoreStorage.dylib
0x00007fff33042000 	/usr/lib/libcsfde.dylib
0x00007fff2e5a9000 	/System/Library/PrivateFrameworks/ProtectedCloudStorage.framework/Versions/A/ProtectedCloudStorage
0x00007fff3303a000 	/System/Library/PrivateFrameworks/EFILogin.framework/Versions/A/EFILogin
0x00007fff33654000 	/System/Library/Frameworks/AudioUnit.framework/Versions/A/AudioUnit
0x00007fff30acb000 	/System/Library/Frameworks/CoreBluetooth.framework/Versions/A/CoreBluetooth
0x00007fff2b180000 	/usr/lib/libMatch.1.dylib
0x00007fff438e0000 	/System/Library/CoreServices/RawCamera.bundle/Contents/MacOS/RawCamera
0x00007fff2d970000 	/System/Library/PrivateFrameworks/MobileAsset.framework/Versions/A/MobileAsset
0x00007fff33678000 	/System/Library/PrivateFrameworks/StreamingZip.framework/Versions/A/StreamingZip
0x00007fff2c10c000 	/System/Library/Frameworks/MediaToolbox.framework/Versions/A/MediaToolbox
0x00007fff310e3000 	/System/Library/PrivateFrameworks/CoreAVCHD.framework/Versions/A/CoreAVCHD
0x00007fff302ca000 	/System/Library/Frameworks/MediaAccessibility.framework/Versions/A/MediaAccessibility
0x00007fff310df000 	/System/Library/PrivateFrameworks/Mangrove.framework/Versions/A/Mangrove
0x00007fff302d6000 	/System/Library/PrivateFrameworks/AlgosScoreFramework.framework/Versions/A/AlgosScoreFramework
0x00007fff31acd000 	/System/Library/PrivateFrameworks/AppleVPA.framework/Versions/A/AppleVPA
0x00007fff30d24000 	/System/Library/PrivateFrameworks/CoreAUC.framework/Versions/A/CoreAUC
0x00007fff41337000 	/System/Library/Frameworks/Accelerate.framework/Versions/A/Frameworks/vImage.framework/Versions/A/Libraries/libCGInterfaces.dylib
0x000000013eb74000 	/usr/lib/libobjc-trampolines.dylib
0x00007fff354bd000 	/System/Library/PrivateFrameworks/FamilyControls.framework/Versions/A/FamilyControls
0x00007fff354e1000 	/System/Library/PrivateFrameworks/CommerceKit.framework/Versions/A/Frameworks/CommerceCore.framework/Versions/A/CommerceCore
0x00007fff30307000 	/System/Library/PrivateFrameworks/SystemAdministration.framework/Versions/A/SystemAdministration
0x00007fff2e590000 	/System/Library/PrivateFrameworks/AppContainer.framework/Versions/A/AppContainer
0x00007fff2e5a5000 	/System/Library/PrivateFrameworks/SecCodeWrapper.framework/Versions/A/SecCodeWrapper
0x00007fff2b07f000 	/System/Library/PrivateFrameworks/CrashReporterSupport.framework/Versions/A/CrashReporterSupport
0x00007fff47a5a000 	/System/Library/PrivateFrameworks/OSAnalytics.framework/Versions/A/OSAnalytics
0x00007fff779ea000 	/usr/lib/libRosetta.dylib
0x00007fff32fc9000 	/System/Library/PrivateFrameworks/RemoteServiceDiscovery.framework/Versions/A/RemoteServiceDiscovery
0x00007fff516fa000 	/System/Library/PrivateFrameworks/Symbolication.framework/Versions/A/Symbolication
0x00007fff3d655000 	/System/Library/PrivateFrameworks/MallocStackLogging.framework/Versions/A/MallocStackLogging
0x00007fff2b926000 	/System/Library/PrivateFrameworks/login.framework/Versions/A/login
0x00007fff2fd56000 	/System/Library/Frameworks/DirectoryService.framework/Versions/A/DirectoryService
0x00007fff32ee2000 	/System/Library/PrivateFrameworks/DiskImages.framework/Versions/A/DiskImages
0x00007fff330b5000 	/System/Library/PrivateFrameworks/LoginUIKit.framework/Versions/A/Frameworks/LoginUICore.framework/Versions/A/LoginUICore
0x00007fff2bac1000 	/usr/lib/libodfde.dylib
0x00007fff3304e000 	/usr/lib/libcurl.4.dylib
0x00007fff32dae000 	/usr/lib/libcrypto.44.dylib
0x00007fff32eb4000 	/usr/lib/libssl.46.dylib
0x00007fff32d74000 	/System/Library/Frameworks/LDAP.framework/Versions/A/LDAP
0x00007fff32dac000 	/System/Library/PrivateFrameworks/TrustEvaluationAgent.framework/Versions/A/TrustEvaluationAgent
0x00007fff2cfed000 	/usr/lib/libsasl2.2.dylib
0x00007fff302fb000 	/System/Library/PrivateFrameworks/CoreDaemon.framework/Versions/B/CoreDaemon
0x00007fff302f6000 	/System/Library/PrivateFrameworks/AppleSRP.framework/Versions/A/AppleSRP
0x00007fff27223000 	/System/Library/PrivateFrameworks/ViewBridge.framework/Versions/A/ViewBridge
0x000000013f39f000 	/Users/tristanpoland/Library/Application Support/gdlauncher_next/java/8u242-b08/lib/libfontmanager.dylib
0x000000013f409000 	/Users/tristanpoland/Library/Application Support/gdlauncher_next/java/8u242-b08/lib/libfreetype.6.dylib
0x000000013f5b7000 	/Users/tristanpoland/Library/Application Support/gdlauncher_next/instances/Story Pack 1/natives/liblwjgl.dylib
0x000000013fb7c000 	/Users/tristanpoland/Library/Application Support/gdlauncher_next/java/8u242-b08/lib/libjawt.dylib
0x00007fff6bdad000 	/System/Library/Frameworks/OpenGL.framework/Versions/A/Resources/GLEngine.bundle/GLEngine
0x00007fff6bc0e000 	/System/Library/Frameworks/OpenGL.framework/Versions/A/Libraries/libGLProgrammability.dylib
0x00007fff65ce6000 	/System/Library/Extensions/AppleIntelHD5000GraphicsGLDriver.bundle/Contents/MacOS/AppleIntelHD5000GraphicsGLDriver
0x00007fff46424000 	/System/Library/PrivateFrameworks/GPUSupport.framework/Versions/A/Libraries/libGPUSupportMercury.dylib
0x00007fff613cc000 	/System/Library/Extensions/GeForceGLDriver.bundle/Contents/MacOS/GeForceGLDriver
0x00007fff60d04000 	/System/Library/Extensions/GeForceGLDriver.bundle/Contents/MacOS/libclh.dylib
0x00007fff6bf2b000 	/System/Library/Frameworks/OpenGL.framework/Versions/A/Resources/GLRendererFloat.bundle/GLRendererFloat

VM Arguments:
jvm_args: -Xmx10240m -Xms10240m -Dfml.ignorePatchDiscrepancies=true -Dfml.ignoreInvalidMinecraftCertificates=true -Xms256m -Djava.library.path=/Users/tristanpoland/Library/Application Support/gdlauncher_next/instances/Story Pack 1/natives -Dminecraft.applet.TargetDirectory=/Users/tristanpoland/Library/Application Support/gdlauncher_next/instances/Story Pack 1 
java_command: net.minecraft.launchwrapper.Launch --username TristanPoland --version 1.12.2 --gameDir /Users/tristanpoland/Library/Application Support/gdlauncher_next/instances/Story Pack 1 --assetsDir /Users/tristanpoland/Library/Application Support/gdlauncher_next/datastore/assets --assetIndex 1.12 --uuid a4686b5b2f264015887dc42382f3f73d --accessToken eyJhbGciOiJIUzI1NiJ9.eyJhZ2ciOiJBZHVsdCIsInN1YiI6IjE0YjgyMThhYzI3MTRiMmZiMTRlOWNjYTc1MDRiYTZiIiwieWdndCI6Ijk3MzU1NjBjMjM5MDQ2MDQ5YjJlY2YwOTkxMjljYmQ0Iiwic3ByIjoiYTQ2ODZiNWIyZjI2NDAxNTg4N2RjNDIzODJmM2Y3M2QiLCJpc3MiOiJZZ2dkcmFzaWwtQXV0aCIsImV4cCI6MTYzNjc1NDgyMCwiaWF0IjoxNjM2NTgyMDIwfQ.NnaiDH7UBLCAc1OJs0gxGZHMeeD8X9Zprd7pFsgXYtU --userType mojang --tweakClass net.minecraftforge.fml.common.launcher.FMLTweaker --versionType Forge --width 854 --height 480
java_class_path (initial): /Users/tristanpoland/Library/Application Support/gdlauncher_next/datastore/libraries/net/minecraftforge/forge/1.12.2-14.23.5.2855/forge-1.12.2-14.23.5.2855.jar:/Users/tristanpoland/Library/Application Support/gdlauncher_next/datastore/libraries/org/ow2/asm/asm-debug-all/5.2/asm-debug-all-5.2.jar:/Users/tristanpoland/Library/Application Support/gdlauncher_next/datastore/libraries/net/minecraft/launchwrapper/1.12/launchwrapper-1.12.jar:/Users/tristanpoland/Library/Application Support/gdlauncher_next/datastore/libraries/org/jline/jline/3.5.1/jline-3.5.1.jar:/Users/tristanpoland/Library/Application Support/gdlauncher_next/datastore/libraries/com/typesafe/akka/akka-actor_2.11/2.3.3/akka-actor_2.11-2.3.3.jar:/Users/tristanpoland/Library/Application Support/gdlauncher_next/datastore/libraries/com/typesafe/config/1.2.1/config-1.2.1.jar:/Users/tristanpoland/Library/Application Support/gdlauncher_next/datastore/libraries/org/scala-lang/scala-actors-migration_2.11/1.1.0/scala-actors-migration_2.11-1.1.0.jar:/Users/tristanpoland/Library/Application Support/gdlauncher_next/datastore/libraries/org/scala-lang/scala-compiler/2.11.1/scala-compiler-2.11.1.jar:/Users/tristanpoland/Library/Application Support/gdlauncher_next/datastore/libraries/org/scala-lang/plugins/scala-continuations-library_2.11/1.0.2_mc/scala-continuations-library_2.11-1.0.2_mc.jar:/Users/tristanpoland/Library/Application Support/gdlauncher_next/datastore/libraries/org/scala-lang/plugins/scala-continuations-plugin_2.11.1/1.0.2_mc/scala-continuations-plugin_2.11.1-1.0.2_mc.jar:/Users/tristanpoland/Library/Application Support/gdlauncher_next/datastore/libraries/org/scala-lang/scala-library/2.11.1/scala-library-2.11.1.jar:/Users/tristanpoland/Library/Application Support/gdlauncher_next/datastore/libraries/org/scala-lang/scala-parser-combinators_2.11/1.0.1/scala-parser-combinators_2.11-1.0.1.jar:/Users/tristanpoland/Library/Application Support/gdlauncher_next/datastore/libraries/org/scala-
Launcher Type: SUN_STANDARD

Environment Variables:
PATH=/usr/bin:/bin:/usr/sbin:/sbin
SHELL=/bin/zsh
DISPLAY=/private/tmp/com.apple.launchd.5bLZIX0kb1/org.macosforge.xquartz:0

Signal Handlers:
SIGSEGV: [libjvm.dylib+0x588183], sa_mask[0]=11111111011111110111111111111111, sa_flags=SA_ONSTACK|SA_RESTART|SA_SIGINFO
SIGBUS: [libjvm.dylib+0x588183], sa_mask[0]=11111111011111110111111111111111, sa_flags=SA_RESTART|SA_SIGINFO
SIGFPE: [libjvm.dylib+0x46288c], sa_mask[0]=11111111011111110111111111111111, sa_flags=SA_RESTART|SA_SIGINFO
SIGPIPE: [libjvm.dylib+0x46288c], sa_mask[0]=11111111011111110111111111111111, sa_flags=SA_RESTART|SA_SIGINFO
SIGXFSZ: [libjvm.dylib+0x46288c], sa_mask[0]=11111111011111110111111111111111, sa_flags=SA_RESTART|SA_SIGINFO
SIGILL: [libjvm.dylib+0x46288c], sa_mask[0]=11111111011111110111111111111111, sa_flags=SA_RESTART|SA_SIGINFO
SIGUSR1: SIG_DFL, sa_mask[0]=00000000000000000000000000000000, sa_flags=SA_RESTART
SIGUSR2: [libjvm.dylib+0x4623aa], sa_mask[0]=00000000000000000000000000000000, sa_flags=SA_RESTART|SA_SIGINFO
SIGHUP: [libjvm.dylib+0x460935], sa_mask[0]=11111111011111110111111111111111, sa_flags=SA_RESTART|SA_SIGINFO
SIGINT: [libjvm.dylib+0x460935], sa_mask[0]=11111111011111110111111111111111, sa_flags=SA_RESTART|SA_SIGINFO
SIGTERM: [libjvm.dylib+0x460935], sa_mask[0]=11111111011111110111111111111111, sa_flags=SA_RESTART|SA_SIGINFO
SIGQUIT: [libjvm.dylib+0x460935], sa_mask[0]=11111111011111110111111111111111, sa_flags=SA_RESTART|SA_SIGINFO


---------------  S Y S T E M  ---------------

OS:Bsduname:Darwin 20.5.0 Darwin Kernel Version 20.5.0: Sat May  8 05:10:33 PDT 2021; root:xnu-7195.121.3~9/RELEASE_X86_64 x86_64
rlimit: STACK 8192k, CORE 0k, NPROC 2784, NOFILE 10240, AS infinity
load average:3.70 4.56 4.57

CPU:total 8 (initial active 8) (4 cores per cpu, 2 threads per core) family 6 model 70 stepping 1, cmov, cx8, fxsr, mmx, sse, sse2, sse3, ssse3, sse4.1, sse4.2, popcnt, avx, avx2, aes, clmul, erms, lzcnt, ht, tsc, tscinvbit, bmi1, bmi2

Memory: 4k page, physical 16777216k(115064k free)

/proc/meminfo:


vm_info: OpenJDK 64-Bit Server VM (25.242-b08) for bsd-amd64 JRE (1.8.0_242-b08), built on Jan 19 2020 06:43:11 by "jenkins" with gcc 4.2.1 (Based on Apple Inc. build 5658) (LLVM build 2336.11.00)

time: Wed Nov 10 21:25:47 2021
timezone: EST
elapsed time: 13 seconds (0d 0h 0m 13s)

