[13:45:59] [main/INFO] [LaunchWrapper]: Loading tweak class name net.minecraftforge.fml.common.launcher.FMLTweaker
[13:45:59] [main/INFO] [LaunchWrapper]: Using primary tweak class name net.minecraftforge.fml.common.launcher.FMLTweaker
[13:45:59] [main/INFO] [LaunchWrapper]: Calling tweak class net.minecraftforge.fml.common.launcher.FMLTweaker
[13:45:59] [main/INFO] [FML]: Forge Mod Loader version 14.23.5.2855 for Minecraft 1.12.2 loading
[13:45:59] [main/INFO] [FML]: Java is OpenJDK 64-Bit Server VM, version 1.8.0_242, running on Mac OS X:x86_64:10.16, installed at /Users/tristanpoland/Library/Application Support/gdlauncher_next/java/8u242-b08
[13:45:59] [main/INFO] [FML]: Searching /Users/tristanpoland/Library/Application Support/gdlauncher_next/instances/Cruel-World-Survival-A-dark-Winter/mods for mods
[13:46:00] [main/INFO] [FML]: Loading tweaker org.spongepowered.asm.launch.MixinTweaker from _MixinBootstrap-1.1.0.jar
[13:46:00] [main/INFO] [FML]: Loading tweaker guichaguri.betterfps.tweaker.BetterFpsTweaker from BetterFps-1.4.8.jar
[13:46:00] [main/WARN] [FML]: Found FMLCorePluginContainsFMLMod marker in CreativeCore_v1.10.65_mc1.12.2.jar. This is not recommended, @Mods should be in a separate jar from the coremod.
[13:46:00] [main/WARN] [FML]: The coremod com.creativemd.creativecore.core.CreativePatchingLoader does not have a MCVersion annotation, it may cause issues with this version of Minecraft
[13:46:00] [main/WARN] [FML]: The coremod CreativePatchingLoader (com.creativemd.creativecore.core.CreativePatchingLoader) is not signed!
[13:46:00] [main/WARN] [FML]: Found FMLCorePluginContainsFMLMod marker in CTM-MC1.12.2-1.0.2.31.jar. This is not recommended, @Mods should be in a separate jar from the coremod.
[13:46:00] [main/WARN] [FML]: The coremod team.chisel.ctm.client.asm.CTMCorePlugin does not have a MCVersion annotation, it may cause issues with this version of Minecraft
[13:46:00] [main/WARN] [FML]: The coremod CTMCorePlugin (team.chisel.ctm.client.asm.CTMCorePlugin) is not signed!
[13:46:00] [main/WARN] [FML]: Found FMLCorePluginContainsFMLMod marker in EntityCulling-1.12.2-4.1.5.jar. This is not recommended, @Mods should be in a separate jar from the coremod.
[13:46:00] [main/WARN] [FML]: The coremod EntityCullingPlugin (meldexun.entityculling.plugin.EntityCullingPlugin) is not signed!
[13:46:00] [main/INFO] [FML]: Loading tweaker org.spongepowered.asm.launch.MixinTweaker from fancymenu_2.3.5_MC_1.12-1.12.2.jar
[13:46:00] [main/INFO] [FML]: Loading tweaker org.spongepowered.asm.launch.MixinTweaker from konkrete_1.3.0_MC_1.12-1.12.2.jar
[13:46:00] [main/WARN] [FML]: Found FMLCorePluginContainsFMLMod marker in LittleTiles_v1.5.34_mc1.12.2.jar. This is not recommended, @Mods should be in a separate jar from the coremod.
[13:46:00] [main/WARN] [FML]: The coremod com.creativemd.littletiles.LittlePatchingLoader does not have a MCVersion annotation, it may cause issues with this version of Minecraft
[13:46:00] [main/WARN] [FML]: The coremod LittlePatchingLoader (com.creativemd.littletiles.LittlePatchingLoader) is not signed!
[13:46:00] [main/INFO] [FML]: Loading tweaker org.spongepowered.asm.launch.MixinTweaker from malisiscore-1.12.2-6.5.1.jar
[13:46:00] [main/INFO] [FML]: Loading tweaker org.spongepowered.asm.launch.MixinTweaker from movingworld-1.12-6.353-full.jar
[13:46:00] [main/INFO] [FML]: Loading tweaker org.spongepowered.asm.launch.MixinTweaker from particleculling-1.12.2-v1.2.jar
[13:46:00] [main/WARN] [FML]: Found FMLCorePluginContainsFMLMod marker in Xaeros_Minimap_21.20.0_Forge_1.12.jar. This is not recommended, @Mods should be in a separate jar from the coremod.
[13:46:00] [main/WARN] [FML]: The coremod XaeroMinimapPlugin (xaero.common.core.XaeroMinimapPlugin) is not signed!
[13:46:00] [main/WARN] [FML]: Found FMLCorePluginContainsFMLMod marker in XaerosWorldMap_1.18.0_Forge_1.12.jar. This is not recommended, @Mods should be in a separate jar from the coremod.
[13:46:00] [main/WARN] [FML]: The coremod XaeroWorldMapPlugin (xaero.map.core.XaeroWorldMapPlugin) is not signed!
[13:46:00] [main/WARN] [FML]: The coremod blusunrize.immersiveengineering.common.asm.IELoadingPlugin does not have a MCVersion annotation, it may cause issues with this version of Minecraft
[13:46:00] [main/WARN] [FML]: The coremod IELoadingPlugin (blusunrize.immersiveengineering.common.asm.IELoadingPlugin) is not signed!
[13:46:00] [main/INFO] [LaunchWrapper]: Loading tweak class name net.minecraftforge.fml.common.launcher.FMLInjectionAndSortingTweaker
[13:46:00] [main/INFO] [LaunchWrapper]: Loading tweak class name org.spongepowered.asm.launch.MixinTweaker
[13:46:00] [main/INFO] [mixin]: SpongePowered MIXIN Subsystem Version=0.8.4 Source=file:/Users/tristanpoland/Library/Application%20Support/gdlauncher_next/instances/Cruel-World-Survival-A-dark-Winter/mods/_MixinBootstrap-1.1.0.jar Service=LaunchWrapper Env=CLIENT
[13:46:00] [main/WARN] [FML]: The coremod de.keksuccino.fancymenu.core.FMCore does not have a MCVersion annotation, it may cause issues with this version of Minecraft
[13:46:00] [main/WARN] [FML]: The coremod FMCore (de.keksuccino.fancymenu.core.FMCore) is not signed!
[13:46:00] [main/INFO] [STDOUT]: [de.keksuccino.fancymenu.core.FMCore:<init>:15]: [FANCYMENU] LOADING CORE PLUGIN!
[13:46:00] [main/WARN] [FML]: The coremod de.keksuccino.konkrete.core.KonkreteCore does not have a MCVersion annotation, it may cause issues with this version of Minecraft
[13:46:00] [main/WARN] [FML]: The coremod KonkreteCore (de.keksuccino.konkrete.core.KonkreteCore) is not signed!
[13:46:00] [main/INFO] [STDOUT]: [de.keksuccino.konkrete.core.KonkreteCore:<init>:14]: [KONKRETE] LOADING CORE PLUGIN!
[13:46:00] [main/INFO] [STDOUT]: [de.keksuccino.konkrete.core.MixinConfigLoader:loadConfigs:29]: [KONKRETE] Loading Mixin Config: fancymenu.general.mixin.json
[13:46:00] [main/INFO] [mixin]: Compatibility level set to JAVA_8
[13:46:00] [main/WARN] [FML]: The coremod net.malisis.core.asm.MalisisCorePlugin does not have a MCVersion annotation, it may cause issues with this version of Minecraft
[13:46:00] [main/WARN] [FML]: The coremod MalisisCorePlugin (net.malisis.core.asm.MalisisCorePlugin) is not signed!
[13:46:00] [main/WARN] [FML]: The coremod com.elytradev.movingworld.common.asm.coremod.MovingWorldCoreMod does not have a MCVersion annotation, it may cause issues with this version of Minecraft
[13:46:00] [main/WARN] [FML]: The coremod MovingWorldCore (com.elytradev.movingworld.common.asm.coremod.MovingWorldCoreMod) is not signed!
[13:46:00] [main/ERROR] [mixin]: Mixin config mixins.movingworld.json does not specify "minVersion" property
[13:46:00] [main/WARN] [FML]: The coremod ParticleCullingLoadingPlugin (bl4ckscor3.mod.particleculling.ParticleCullingLoadingPlugin) is not signed!
[13:46:00] [main/INFO] [LaunchWrapper]: Loading tweak class name guichaguri.betterfps.tweaker.BetterFpsTweaker
[13:46:00] [main/WARN] [LaunchWrapper]: Tweak class name org.spongepowered.asm.launch.MixinTweaker has already been visited -- skipping
[13:46:00] [main/WARN] [LaunchWrapper]: Tweak class name org.spongepowered.asm.launch.MixinTweaker has already been visited -- skipping
[13:46:00] [main/WARN] [LaunchWrapper]: Tweak class name org.spongepowered.asm.launch.MixinTweaker has already been visited -- skipping
[13:46:00] [main/WARN] [LaunchWrapper]: Tweak class name org.spongepowered.asm.launch.MixinTweaker has already been visited -- skipping
[13:46:00] [main/WARN] [LaunchWrapper]: Tweak class name org.spongepowered.asm.launch.MixinTweaker has already been visited -- skipping
[13:46:00] [main/INFO] [LaunchWrapper]: Loading tweak class name net.minecraftforge.fml.common.launcher.FMLDeobfTweaker
[13:46:00] [main/INFO] [LaunchWrapper]: Calling tweak class net.minecraftforge.fml.common.launcher.FMLInjectionAndSortingTweaker
[13:46:00] [main/INFO] [LaunchWrapper]: Calling tweak class net.minecraftforge.fml.common.launcher.FMLInjectionAndSortingTweaker
[13:46:00] [main/INFO] [LaunchWrapper]: Calling tweak class net.minecraftforge.fml.relauncher.CoreModManager$FMLPluginWrapper
[13:46:03] [main/INFO] [FML]: Found valid fingerprint for Minecraft Forge. Certificate fingerprint e3c3d50c7c986df74c645c0ac54639741c90a557
[13:46:03] [main/INFO] [FML]: Found valid fingerprint for Minecraft. Certificate fingerprint cd99959656f753dc28d863b46769f7f8fbaefcfc
[13:46:03] [main/INFO] [LaunchWrapper]: Calling tweak class net.minecraftforge.fml.relauncher.CoreModManager$FMLPluginWrapper
[13:46:03] [main/INFO] [LaunchWrapper]: Calling tweak class net.minecraftforge.fml.relauncher.CoreModManager$FMLPluginWrapper
[13:46:04] [main/INFO] [LaunchWrapper]: Calling tweak class net.minecraftforge.fml.relauncher.CoreModManager$FMLPluginWrapper
[13:46:04] [main/INFO] [LaunchWrapper]: Calling tweak class net.minecraftforge.fml.relauncher.CoreModManager$FMLPluginWrapper
[13:46:04] [main/INFO] [LaunchWrapper]: Calling tweak class net.minecraftforge.fml.relauncher.CoreModManager$FMLPluginWrapper
[13:46:04] [main/INFO] [LaunchWrapper]: Calling tweak class net.minecraftforge.fml.relauncher.CoreModManager$FMLPluginWrapper
[13:46:04] [main/INFO] [LaunchWrapper]: Calling tweak class org.spongepowered.asm.launch.MixinTweaker
[13:46:04] [main/INFO] [mixin]: Initialised Mixin FML Remapper Adapter with net.minecraftforge.fml.common.asm.transformers.deobf.FMLDeobfuscatingRemapper@39ad12b6
[13:46:04] [main/INFO] [LaunchWrapper]: Calling tweak class guichaguri.betterfps.tweaker.BetterFpsTweaker
[13:46:04] [main/INFO] [LaunchWrapper]: Calling tweak class net.minecraftforge.fml.common.launcher.FMLDeobfTweaker
[13:46:05] [main/INFO] [LaunchWrapper]: Calling tweak class net.minecraftforge.fml.relauncher.CoreModManager$FMLPluginWrapper
[13:46:05] [main/INFO] [LaunchWrapper]: Calling tweak class net.minecraftforge.fml.relauncher.CoreModManager$FMLPluginWrapper
[13:46:05] [main/INFO] [LaunchWrapper]: Calling tweak class net.minecraftforge.fml.relauncher.CoreModManager$FMLPluginWrapper
[13:46:05] [main/INFO] [LaunchWrapper]: Calling tweak class net.minecraftforge.fml.relauncher.CoreModManager$FMLPluginWrapper
[13:46:05] [main/INFO] [LaunchWrapper]: Loading tweak class name net.minecraftforge.fml.common.launcher.TerminalTweaker
[13:46:05] [main/INFO] [LaunchWrapper]: Loading tweak class name org.spongepowered.asm.mixin.EnvironmentStateTweaker
[13:46:05] [main/INFO] [LaunchWrapper]: Calling tweak class net.minecraftforge.fml.common.launcher.TerminalTweaker
[13:46:05] [main/INFO] [LaunchWrapper]: Calling tweak class org.spongepowered.asm.mixin.EnvironmentStateTweaker
[13:46:05] [main/WARN] [mixin]: Reference map 'movingworld.mixin.refmap.json' for mixins.movingworld.json could not be read. If this is a development environment you can ignore this message
[13:46:05] [main/INFO] [STDOUT]: [de.keksuccino.fancymenu.mixin.FMMixinPlugin:shouldApplyMixin:24]: [FANCYMENU] APPLYING MIXIN: de.keksuccino.fancymenu.mixin.client.MixinGuiButton | TO TARGET: net.minecraft.client.gui.GuiButton
[13:46:05] [main/INFO] [STDOUT]: [de.keksuccino.fancymenu.mixin.FMMixinPlugin:shouldApplyMixin:24]: [FANCYMENU] APPLYING MIXIN: de.keksuccino.fancymenu.mixin.client.MixinGuiButtonImage | TO TARGET: net.minecraft.client.gui.GuiButtonImage
[13:46:05] [main/INFO] [STDOUT]: [de.keksuccino.fancymenu.mixin.FMMixinPlugin:shouldApplyMixin:24]: [FANCYMENU] APPLYING MIXIN: de.keksuccino.fancymenu.mixin.client.MixinGuiSlot | TO TARGET: net.minecraft.client.gui.GuiSlot
[13:46:05] [main/INFO] [STDOUT]: [de.keksuccino.fancymenu.mixin.FMMixinPlugin:shouldApplyMixin:24]: [FANCYMENU] APPLYING MIXIN: de.keksuccino.fancymenu.mixin.client.MixinGuiScreen | TO TARGET: net.minecraft.client.gui.GuiScreen
[13:46:05] [main/INFO] [STDOUT]: [de.keksuccino.fancymenu.mixin.FMMixinPlugin:shouldApplyMixin:24]: [FANCYMENU] APPLYING MIXIN: de.keksuccino.fancymenu.mixin.client.MixinGuiButtonLanguage | TO TARGET: net.minecraft.client.gui.GuiButtonLanguage
[13:46:05] [main/INFO] [STDOUT]: [de.keksuccino.fancymenu.mixin.FMMixinPlugin:shouldApplyMixin:24]: [FANCYMENU] APPLYING MIXIN: de.keksuccino.fancymenu.mixin.client.MixinMinecraft | TO TARGET: net.minecraft.client.Minecraft
[13:46:05] [main/INFO] [STDOUT]: [de.keksuccino.fancymenu.mixin.FMMixinPlugin:shouldApplyMixin:24]: [FANCYMENU] APPLYING MIXIN: de.keksuccino.fancymenu.mixin.client.MixinScaledResolution | TO TARGET: net.minecraft.client.gui.ScaledResolution
[13:46:05] [main/INFO] [STDOUT]: [de.keksuccino.fancymenu.mixin.FMMixinPlugin:shouldApplyMixin:24]: [FANCYMENU] APPLYING MIXIN: de.keksuccino.fancymenu.mixin.client.MixinGuiScreenResourcePacks | TO TARGET: net.minecraft.client.gui.GuiScreenResourcePacks
[13:46:06] [main/INFO] [STDOUT]: [com.creativemd.creativecore.transformer.CreativeTransformer:transform:49]: [littletiles] Patched net.minecraft.client.Minecraft ...
[13:46:06] [main/INFO] [BetterFps]: Patching net.minecraft.client.Minecraft... (bib)
[13:46:06] [main/INFO] [org.spongepowered.asm.service.mojang.MixinServiceLaunchWrapper]: A re-entrant transformer 'guichaguri.betterfps.transformers.PatcherTransformer' was detected and will no longer process meta class data
[13:46:06] [main/INFO] [STDOUT]: [xaero.common.core.transformer.ClassNodeTransformer:transform:26]: Transforming class axw net.minecraft.world.chunk.Chunk
[13:46:06] [main/INFO] [STDOUT]: [xaero.map.core.transformer.ClassNodeTransformer:transform:26]: Transforming class net.minecraft.world.chunk.Chunk
[13:46:06] [main/INFO] [STDOUT]: [com.creativemd.creativecore.transformer.CreativeTransformer:transform:49]: [littletiles] Patched net.minecraft.network.NetHandlerPlayServer ...
[13:46:06] [main/INFO] [STDOUT]: [team.chisel.ctm.client.asm.CTMTransformer:preTransform:230]: Transforming Class [net.minecraft.client.renderer.texture.TextureMap], Method [registerSprite]
[13:46:06] [main/INFO] [STDOUT]: [team.chisel.ctm.client.asm.CTMTransformer:finishTransform:242]: Transforming net.minecraft.client.renderer.texture.TextureMap Finished.
[13:46:06] [main/INFO] [EnderCore ASM]: Transforming Class [net.minecraft.client.renderer.RenderItem], Method [func_180453_a, func_184391_a]
[13:46:06] [main/INFO] [EnderCore ASM]: Transforming net.minecraft.client.renderer.RenderItem Finished.
[13:46:07] [main/INFO] [LaunchWrapper]: Launching wrapped minecraft {net.minecraft.client.main.Main}
[13:46:07] [main/INFO] [STDOUT]: [com.creativemd.creativecore.transformer.CreativeTransformer:transform:49]: [littletiles] Patched net.minecraft.client.Minecraft ...
[13:46:07] [main/INFO] [BetterFps]: Patching net.minecraft.client.Minecraft... (bib)
[13:46:07] [main/INFO] [STDOUT]: [team.chisel.ctm.client.asm.CTMTransformer:preTransform:230]: Transforming Class [net.minecraft.block.Block], Method [getExtendedState]
[13:46:07] [main/INFO] [STDOUT]: [team.chisel.ctm.client.asm.CTMTransformer:finishTransform:242]: Transforming net.minecraft.block.Block Finished.
[13:46:07] [main/INFO] [STDOUT]: [com.creativemd.creativecore.transformer.CreativeTransformer:transform:49]: [littletiles] Patched net.minecraft.client.multiplayer.WorldClient ...
[13:46:07] [main/INFO] [STDOUT]: [xaero.common.core.transformer.ClassNodeTransformer:transform:26]: Transforming class bsb net.minecraft.client.multiplayer.WorldClient
[13:46:07] [main/INFO] [STDOUT]: [xaero.map.core.transformer.ClassNodeTransformer:transform:26]: Transforming class net.minecraft.client.multiplayer.WorldClient
[13:46:07] [main/INFO] [STDOUT]: [com.creativemd.creativecore.transformer.CreativeTransformer:transform:49]: [littletiles] Patched net.minecraft.entity.player.EntityPlayer ...
[13:46:07] [main/INFO] [STDOUT]: [xaero.common.core.transformer.ClassNodeTransformer:transform:26]: Transforming class aed net.minecraft.entity.player.EntityPlayer
[13:46:07] [main/INFO] [STDOUT]: [xaero.map.core.transformer.ClassNodeTransformer:transform:26]: Transforming class net.minecraft.entity.player.EntityPlayer
[13:46:07] [main/INFO] [EnderCore ASM]: Transforming net.minecraft.entity.player.EntityPlayer finished, added func_184613_cA() overriding EntityLivingBase
[13:46:07] [main/INFO] [STDOUT]: [com.creativemd.creativecore.transformer.CreativeTransformer:transform:49]: [littletiles] Patched net.minecraft.entity.Entity ...
[13:46:08] [main/INFO] [STDOUT]: [xaero.common.core.transformer.ClassNodeTransformer:transform:26]: Transforming class bud net.minecraft.client.entity.EntityPlayerSP
[13:46:08] [main/INFO] [BetterFps]: Patching net.minecraft.client.entity.EntityPlayerSP... (bud)
[13:46:08] [main/INFO] [STDOUT]: [xaero.common.core.transformer.ClassNodeTransformer:transform:26]: Transforming class bua net.minecraft.client.entity.AbstractClientPlayer
[13:46:08] [main/INFO] [STDOUT]: [xaero.map.core.transformer.ClassNodeTransformer:transform:26]: Transforming class net.minecraft.client.entity.AbstractClientPlayer
[13:46:08] [main/INFO] [STDOUT]: [xaero.common.core.transformer.ClassNodeTransformer:transform:26]: Transforming class net.minecraftforge.client.GuiIngameForge net.minecraftforge.client.GuiIngameForge
[13:46:08] [main/INFO] [STDOUT]: [com.creativemd.creativecore.transformer.CreativeTransformer:transform:49]: [littletiles] Patched net.minecraftforge.client.ForgeHooksClient ...
[13:46:08] [main/INFO] [STDOUT]: [team.chisel.ctm.client.asm.CTMTransformer:preTransform:230]: Transforming Class [net.minecraftforge.client.ForgeHooksClient], Method [getDamageModel]
[13:46:08] [main/INFO] [STDOUT]: [team.chisel.ctm.client.asm.CTMTransformer:finishTransform:242]: Transforming net.minecraftforge.client.ForgeHooksClient Finished.
[13:46:09] [Client thread/INFO] [net.minecraft.client.Minecraft]: Setting user: TristanPoland
[13:46:09] [Client thread/INFO] [BetterFps]: Patching net.minecraft.block.Block... (aow)
[13:46:09] [Client thread/INFO] [STDOUT]: [team.chisel.ctm.client.asm.CTMTransformer:preTransform:230]: Transforming Class [net.minecraft.block.Block], Method [getExtendedState]
[13:46:09] [Client thread/INFO] [STDOUT]: [team.chisel.ctm.client.asm.CTMTransformer:finishTransform:242]: Transforming net.minecraft.block.Block Finished.
[13:46:09] [Client thread/INFO] [STDOUT]: [com.creativemd.creativecore.transformer.CreativeTransformer:transform:49]: [littletiles] Patched net.minecraft.util.math.AxisAlignedBB ...
[13:46:10] [Client thread/INFO] [BetterFps]: Patching math utils with "RIVENS_HALF" algorithm
[13:46:10] [Client thread/INFO] [STDOUT]: [com.creativemd.creativecore.transformer.CreativeTransformer:transform:49]: [littletiles] Patched net.minecraft.util.ITickable ...
[13:46:11] [Client thread/INFO] [BetterFps]: Patching net.minecraft.tileentity.TileEntityBeacon... (avh)
[13:46:12] [Client thread/INFO] [BetterFps]: Patching net.minecraft.block.BlockHopper... (arl)
[13:46:12] [Client thread/INFO] [BetterFps]: Patching net.minecraft.tileentity.TileEntityHopper... (avw)
[13:46:12] [Client thread/INFO] [STDOUT]: [com.creativemd.creativecore.transformer.CreativeTransformer:transform:49]: [littletiles] Patched net.minecraft.entity.player.EntityPlayer ...
[13:46:12] [Client thread/INFO] [STDOUT]: [xaero.common.core.transformer.ClassNodeTransformer:transform:26]: Transforming class aed net.minecraft.entity.player.EntityPlayer
[13:46:12] [Client thread/INFO] [STDOUT]: [xaero.map.core.transformer.ClassNodeTransformer:transform:26]: Transforming class net.minecraft.entity.player.EntityPlayer
[13:46:12] [Client thread/INFO] [EnderCore ASM]: Transforming net.minecraft.entity.player.EntityPlayer finished, added func_184613_cA() overriding EntityLivingBase
[13:46:12] [Client thread/INFO] [EnderCore ASM]: Transforming Class [net.minecraft.entity.item.EntityItemFrame], Method [func_184230_a]
[13:46:12] [Client thread/INFO] [EnderCore ASM]: Transforming net.minecraft.entity.item.EntityItemFrame Finished.
[13:46:12] [Client thread/INFO] [STDOUT]: [com.creativemd.creativecore.transformer.CreativeTransformer:transform:49]: [littletiles] Patched net.minecraft.entity.player.EntityPlayerMP ...
[13:46:13] [Client thread/INFO] [EnderCore ASM]: Transforming Class [net.minecraft.entity.ai.EntityAICreeperSwell], Method [func_75246_d]
[13:46:13] [Client thread/INFO] [EnderCore ASM]: Transforming net.minecraft.entity.ai.EntityAICreeperSwell Finished.
[13:46:16] [Client thread/INFO] [EnderCore ASM]: Transforming Class [net.minecraft.inventory.ContainerFurnace], Method [func_82846_b]
[13:46:16] [Client thread/INFO] [EnderCore ASM]: Transforming net.minecraft.inventory.ContainerFurnace Finished.
[13:46:16] [Client thread/WARN] [net.minecraft.client.settings.GameSettings]: Skipping bad option: lastServer:
[13:46:16] [Client thread/INFO] [net.minecraft.client.Minecraft]: LWJGL Version: 2.9.2
[13:46:16] [BetterFps Update Checker/WARN] [BetterFps]: Could not check for updates: Server returned HTTP response code: 403 for URL: http://widget.mcf.li/mc-mods/minecraft/229876-betterfps.json
[13:46:19] [Client thread/INFO] [FML]: -- System Details --
Details:
	Minecraft Version: 1.12.2
	Operating System: Mac OS X (x86_64) version 10.16
	Java Version: 1.8.0_242, AdoptOpenJDK
	Java VM Version: OpenJDK 64-Bit Server VM (mixed mode), AdoptOpenJDK
	Memory: 873397000 bytes (832 MB) / 1137180672 bytes (1084 MB) up to 9544663040 bytes (9102 MB)
	JVM Flags: 3 total; -Xmx10240m -Xms10240m -Xms256m
	IntCache: cache: 0, tcache: 0, allocated: 0, tallocated: 0
	FML: 
	Loaded coremods (and transformers): 
XaeroMinimapPlugin (Xaeros_Minimap_21.20.0_Forge_1.12.jar)
  xaero.common.core.transformer.ChunkTransformer
  xaero.common.core.transformer.NetHandlerPlayClientTransformer
  xaero.common.core.transformer.EntityPlayerTransformer
  xaero.common.core.transformer.AbstractClientPlayerTransformer
  xaero.common.core.transformer.WorldClientTransformer
  xaero.common.core.transformer.EntityPlayerSPTransformer
  xaero.common.core.transformer.PlayerListTransformer
  xaero.common.core.transformer.GuiIngameForgeTransformer
  xaero.common.core.transformer.GuiBossOverlayTransformer
  xaero.common.core.transformer.ModelRendererTransformer
IELoadingPlugin (ImmersiveEngineering-core-0.12-98.jar)
  blusunrize.immersiveengineering.common.asm.IEClassTransformer
MovingWorldCore (movingworld-1.12-6.353-full.jar)
  
LittlePatchingLoader (LittleTiles_v1.5.34_mc1.12.2.jar)
  com.creativemd.littletiles.LittleTilesTransformer
MoreSoundConfigCore (moresoundconfig-core-1.0.4.jar)
  ichttt.mods.moresoundconfig.asm.MSCTransformer
CTMCorePlugin (CTM-MC1.12.2-1.0.2.31.jar)
  team.chisel.ctm.client.asm.CTMTransformer
EntityCullingPlugin (EntityCulling-1.12.2-4.1.5.jar)
  meldexun.entityculling.plugin.EntityCullingTransformer
EnderCorePlugin (EnderCore-1.12.2-0.5.76-core.jar)
  com.enderio.core.common.transform.EnderCoreTransformer
  com.enderio.core.common.transform.SimpleMixinPatcher
FMCore (fancymenu_2.3.5_MC_1.12-1.12.2.jar)
  
MalisisCorePlugin (malisiscore-1.12.2-6.5.1.jar)
  
CreativePatchingLoader (CreativeCore_v1.10.65_mc1.12.2.jar)
  
KonkreteCore (konkrete_1.3.0_MC_1.12-1.12.2.jar)
  
XaeroWorldMapPlugin (XaerosWorldMap_1.18.0_Forge_1.12.jar)
  xaero.map.core.transformer.ChunkTransformer
  xaero.map.core.transformer.NetHandlerPlayClientTransformer
  xaero.map.core.transformer.EntityPlayerTransformer
  xaero.map.core.transformer.AbstractClientPlayerTransformer
  xaero.map.core.transformer.WorldClientTransformer
  xaero.map.core.transformer.PlayerListTransformer
  xaero.map.core.transformer.BiomeColorHelperTransformer
ParticleCullingLoadingPlugin (particleculling-1.12.2-v1.2.jar)
  
	GL info: ' Vendor: 'NVIDIA Corporation' Version: '2.1 NVIDIA-16.0.13 ' Renderer: 'NVIDIA GeForce GT 750M OpenGL Engine'
[13:46:19] [Client thread/INFO] [FML]: MinecraftForge v14.23.5.2855 Initialized
[13:46:19] [Client thread/INFO] [FML]: Starts to replace vanilla recipe ingredients with ore ingredients.
[13:46:19] [Client thread/INFO] [FML]: Invalid recipe found with multiple oredict ingredients in the same ingredient...
[13:46:20] [Client thread/INFO] [FML]: Replaced 1227 ore ingredients
[13:46:20] [Client thread/INFO] [STDOUT]: [com.creativemd.creativecore.transformer.CreativeTransformer:transform:49]: [littletiles] Patched net.minecraftforge.common.ForgeHooks ...
[13:46:20] [Client thread/INFO] [FML]: Searching /Users/tristanpoland/Library/Application Support/gdlauncher_next/instances/Cruel-World-Survival-A-dark-Winter/mods for mods
[13:46:21] [Thread-3/INFO] [FML]: Using alternative sync timing : 200 frames of Display.update took 1095896189 nanos
[13:46:23] [Client thread/WARN] [FML]: Mod securitycraft is missing the required element 'version' and a version.properties file could not be found. Falling back to metadata version v1.8.23.2
[13:46:23] [Client thread/WARN] [FML]: Mod codechickenlib is missing the required element 'version' and a version.properties file could not be found. Falling back to metadata version 3.2.3.358
[13:46:24] [Client thread/WARN] [FML]: Mod dynamictreestconstruct is missing the required element 'version' and a version.properties file could not be found. Falling back to metadata version 1.12.2-1.2.7
[13:46:25] [Client thread/WARN] [FML]: Mod enderstorage is missing the required element 'version' and a version.properties file could not be found. Falling back to metadata version 2.4.6.137
[13:46:25] [Client thread/WARN] [FML]: Mod fancymenu is missing the required element 'version' and a version.properties file could not be found. Falling back to metadata version 2.3.5
[13:46:25] [Client thread/WARN] [FML]: Mod ironchest is missing the required element 'version' and a version.properties file could not be found. Falling back to metadata version 1.12.2-7.0.67.844
[13:46:25] [Client thread/WARN] [FML]: Mod konkrete is missing the required element 'version' and a version.properties file could not be found. Falling back to metadata version 1.3.0
[13:46:27] [Client thread/INFO] [FML]: Forge Mod Loader has identified 87 mods to load
[13:46:27] [Client thread/INFO] [FML]: FML has found a non-mod file EntityCulling-1.12.2-4.1.5.jar in your mods directory. It will now be injected into your classpath. This could severe stability issues, it should be removed if possible.
[13:46:27] [Client thread/INFO] [FML]: FML has found a non-mod file AutoSave-1.12.2-1.0.11.jar in your mods directory. It will now be injected into your classpath. This could severe stability issues, it should be removed if possible.
[13:46:27] [Client thread/INFO] [FML]: FML has found a non-mod file AutoConfig-1.12.2-1.0.2.jar in your mods directory. It will now be injected into your classpath. This could severe stability issues, it should be removed if possible.
