[2022-02-15 16:51:04] [Client thread/INFO] [aT] 
[2022-02-15 16:51:04] [Client thread/INFO] [aT] ******************************************************************************************
[2022-02-15 16:51:04] [Client thread/INFO] [aT] 
[2022-02-15 16:51:04] [Client thread/INFO] [aT] WorldEdit CUI Forge Edition 3 version 3.0.9 for Minecraft 1.12.2
[2022-02-15 16:51:04] [Client thread/INFO] [aT] Built with forge 14.23.5.2838
[2022-02-15 16:51:04] [Client thread/INFO] [aT] 
[2022-02-15 16:51:04] [Client thread/INFO] [aT] Environment :
[2022-02-15 16:51:04] [Client thread/INFO] [aT] 		 OS :Windows 10 (amd64) 
[2022-02-15 16:51:04] [Client thread/INFO] [aT] 		 Java: 1.8.0_51
[2022-02-15 16:51:04] [Client thread/INFO] [aT] 		 Language :US_en
[2022-02-15 16:51:04] [Client thread/INFO] [aT] 
[2022-02-15 16:51:04] [Client thread/INFO] [aT] ******************************************************************************************
[2022-02-15 16:51:04] [Client thread/INFO] [aT] 
[2022-02-15 16:51:04] [Client thread/INFO] [a] WorldEdit CUI Forge Edition 3 is loading ...
[2022-06-12 11:23:22] [Client thread/INFO] [aT] 
[2022-06-12 11:23:22] [Client thread/INFO] [aT] ******************************************************************************************
[2022-06-12 11:23:22] [Client thread/INFO] [aT] 
[2022-06-12 11:23:22] [Client thread/INFO] [aT] WorldEdit CUI Forge Edition 3 version 3.0.9 for Minecraft 1.12.2
[2022-06-12 11:23:22] [Client thread/INFO] [aT] Built with forge 14.23.5.2838
[2022-06-12 11:23:22] [Client thread/INFO] [aT] 
[2022-06-12 11:23:22] [Client thread/INFO] [aT] Environment :
[2022-06-12 11:23:22] [Client thread/INFO] [aT] 		 OS :Windows 10 (amd64) 
[2022-06-12 11:23:22] [Client thread/INFO] [aT] 		 Java: 1.8.0_51
[2022-06-12 11:23:22] [Client thread/INFO] [aT] 		 Language :US_en
[2022-06-12 11:23:22] [Client thread/INFO] [aT] 
[2022-06-12 11:23:22] [Client thread/INFO] [aT] ******************************************************************************************
[2022-06-12 11:23:22] [Client thread/INFO] [aT] 
[2022-06-12 11:23:22] [Client thread/INFO] [a] WorldEdit CUI Forge Edition 3 is loading ...
[2022-06-12 15:54:21] [Client thread/INFO] [aT] 
[2022-06-12 15:54:21] [Client thread/INFO] [aT] ******************************************************************************************
[2022-06-12 15:54:21] [Client thread/INFO] [aT] 
[2022-06-12 15:54:21] [Client thread/INFO] [aT] WorldEdit CUI Forge Edition 3 version 3.0.9 for Minecraft 1.12.2
[2022-06-12 15:54:21] [Client thread/INFO] [aT] Built with forge 14.23.5.2838
[2022-06-12 15:54:21] [Client thread/INFO] [aT] 
[2022-06-12 15:54:21] [Client thread/INFO] [aT] Environment :
[2022-06-12 15:54:21] [Client thread/INFO] [aT] 		 OS :Windows 10 (amd64) 
[2022-06-12 15:54:21] [Client thread/INFO] [aT] 		 Java: 1.8.0_51
[2022-06-12 15:54:21] [Client thread/INFO] [aT] 		 Language :US_en
[2022-06-12 15:54:21] [Client thread/INFO] [aT] 
[2022-06-12 15:54:21] [Client thread/INFO] [aT] ******************************************************************************************
[2022-06-12 15:54:21] [Client thread/INFO] [aT] 
[2022-06-12 15:54:21] [Client thread/INFO] [a] WorldEdit CUI Forge Edition 3 is loading ...
[2022-06-12 16:13:01] [Client thread/INFO] [aT] 
[2022-06-12 16:13:01] [Client thread/INFO] [aT] ******************************************************************************************
[2022-06-12 16:13:01] [Client thread/INFO] [aT] 
[2022-06-12 16:13:01] [Client thread/INFO] [aT] WorldEdit CUI Forge Edition 3 version 3.0.9 for Minecraft 1.12.2
[2022-06-12 16:13:01] [Client thread/INFO] [aT] Built with forge 14.23.5.2838
[2022-06-12 16:13:01] [Client thread/INFO] [aT] 
[2022-06-12 16:13:01] [Client thread/INFO] [aT] Environment :
[2022-06-12 16:13:01] [Client thread/INFO] [aT] 		 OS :Windows 10 (amd64) 
[2022-06-12 16:13:01] [Client thread/INFO] [aT] 		 Java: 1.8.0_51
[2022-06-12 16:13:01] [Client thread/INFO] [aT] 		 Language :US_en
[2022-06-12 16:13:01] [Client thread/INFO] [aT] 
[2022-06-12 16:13:01] [Client thread/INFO] [aT] ******************************************************************************************
[2022-06-12 16:13:01] [Client thread/INFO] [aT] 
[2022-06-12 16:13:01] [Client thread/INFO] [a] WorldEdit CUI Forge Edition 3 is loading ...
[2022-06-12 16:50:31] [Client thread/INFO] [aT] 
[2022-06-12 16:50:31] [Client thread/INFO] [aT] ******************************************************************************************
[2022-06-12 16:50:31] [Client thread/INFO] [aT] 
[2022-06-12 16:50:31] [Client thread/INFO] [aT] WorldEdit CUI Forge Edition 3 version 3.0.9 for Minecraft 1.12.2
[2022-06-12 16:50:31] [Client thread/INFO] [aT] Built with forge 14.23.5.2838
[2022-06-12 16:50:31] [Client thread/INFO] [aT] 
[2022-06-12 16:50:31] [Client thread/INFO] [aT] Environment :
[2022-06-12 16:50:31] [Client thread/INFO] [aT] 		 OS :Windows 10 (amd64) 
[2022-06-12 16:50:31] [Client thread/INFO] [aT] 		 Java: 1.8.0_51
[2022-06-12 16:50:31] [Client thread/INFO] [aT] 		 Language :US_en
[2022-06-12 16:50:31] [Client thread/INFO] [aT] 
[2022-06-12 16:50:31] [Client thread/INFO] [aT] ******************************************************************************************
[2022-06-12 16:50:31] [Client thread/INFO] [aT] 
[2022-06-12 16:50:31] [Client thread/INFO] [a] WorldEdit CUI Forge Edition 3 is loading ...
[2022-06-12 17:14:06] [Client thread/INFO] [aT] 
[2022-06-12 17:14:06] [Client thread/INFO] [aT] ******************************************************************************************
[2022-06-12 17:14:06] [Client thread/INFO] [aT] 
[2022-06-12 17:14:06] [Client thread/INFO] [aT] WorldEdit CUI Forge Edition 3 version 3.0.9 for Minecraft 1.12.2
[2022-06-12 17:14:06] [Client thread/INFO] [aT] Built with forge 14.23.5.2838
[2022-06-12 17:14:06] [Client thread/INFO] [aT] 
[2022-06-12 17:14:06] [Client thread/INFO] [aT] Environment :
[2022-06-12 17:14:06] [Client thread/INFO] [aT] 		 OS :Windows 10 (amd64) 
[2022-06-12 17:14:06] [Client thread/INFO] [aT] 		 Java: 1.8.0_51
[2022-06-12 17:14:06] [Client thread/INFO] [aT] 		 Language :US_en
[2022-06-12 17:14:06] [Client thread/INFO] [aT] 
[2022-06-12 17:14:06] [Client thread/INFO] [aT] ******************************************************************************************
[2022-06-12 17:14:06] [Client thread/INFO] [aT] 
[2022-06-12 17:14:06] [Client thread/INFO] [a] WorldEdit CUI Forge Edition 3 is loading ...
[2022-06-12 18:17:36] [Client thread/INFO] [aT] 
[2022-06-12 18:17:36] [Client thread/INFO] [aT] ******************************************************************************************
[2022-06-12 18:17:36] [Client thread/INFO] [aT] 
[2022-06-12 18:17:36] [Client thread/INFO] [aT] WorldEdit CUI Forge Edition 3 version 3.0.9 for Minecraft 1.12.2
[2022-06-12 18:17:36] [Client thread/INFO] [aT] Built with forge 14.23.5.2838
[2022-06-12 18:17:36] [Client thread/INFO] [aT] 
[2022-06-12 18:17:36] [Client thread/INFO] [aT] Environment :
[2022-06-12 18:17:36] [Client thread/INFO] [aT] 		 OS :Windows 10 (amd64) 
[2022-06-12 18:17:36] [Client thread/INFO] [aT] 		 Java: 1.8.0_51
[2022-06-12 18:17:36] [Client thread/INFO] [aT] 		 Language :US_en
[2022-06-12 18:17:36] [Client thread/INFO] [aT] 
[2022-06-12 18:17:36] [Client thread/INFO] [aT] ******************************************************************************************
[2022-06-12 18:17:36] [Client thread/INFO] [aT] 
[2022-06-12 18:17:36] [Client thread/INFO] [a] WorldEdit CUI Forge Edition 3 is loading ...
[2022-06-13 09:53:48] [Client thread/INFO] [aT] 
[2022-06-13 09:53:48] [Client thread/INFO] [aT] ******************************************************************************************
[2022-06-13 09:53:48] [Client thread/INFO] [aT] 
[2022-06-13 09:53:48] [Client thread/INFO] [aT] WorldEdit CUI Forge Edition 3 version 3.0.9 for Minecraft 1.12.2
[2022-06-13 09:53:48] [Client thread/INFO] [aT] Built with forge 14.23.5.2838
[2022-06-13 09:53:48] [Client thread/INFO] [aT] 
[2022-06-13 09:53:48] [Client thread/INFO] [aT] Environment :
[2022-06-13 09:53:48] [Client thread/INFO] [aT] 		 OS :Windows 10 (amd64) 
[2022-06-13 09:53:48] [Client thread/INFO] [aT] 		 Java: 1.8.0_51
[2022-06-13 09:53:48] [Client thread/INFO] [aT] 		 Language :US_en
[2022-06-13 09:53:48] [Client thread/INFO] [aT] 
[2022-06-13 09:53:48] [Client thread/INFO] [aT] ******************************************************************************************
[2022-06-13 09:53:48] [Client thread/INFO] [aT] 
[2022-06-13 09:53:48] [Client thread/INFO] [a] WorldEdit CUI Forge Edition 3 is loading ...
[2022-06-13 16:22:58] [Client thread/INFO] [aT] 
[2022-06-13 16:22:58] [Client thread/INFO] [aT] ******************************************************************************************
[2022-06-13 16:22:58] [Client thread/INFO] [aT] 
[2022-06-13 16:22:58] [Client thread/INFO] [aT] WorldEdit CUI Forge Edition 3 version 3.0.9 for Minecraft 1.12.2
[2022-06-13 16:22:58] [Client thread/INFO] [aT] Built with forge 14.23.5.2838
[2022-06-13 16:22:58] [Client thread/INFO] [aT] 
[2022-06-13 16:22:58] [Client thread/INFO] [aT] Environment :
[2022-06-13 16:22:58] [Client thread/INFO] [aT] 		 OS :Windows 10 (amd64) 
[2022-06-13 16:22:58] [Client thread/INFO] [aT] 		 Java: 1.8.0_51
[2022-06-13 16:22:58] [Client thread/INFO] [aT] 		 Language :US_en
[2022-06-13 16:22:58] [Client thread/INFO] [aT] 
[2022-06-13 16:22:58] [Client thread/INFO] [aT] ******************************************************************************************
[2022-06-13 16:22:58] [Client thread/INFO] [aT] 
[2022-06-13 16:22:58] [Client thread/INFO] [a] WorldEdit CUI Forge Edition 3 is loading ...
[2022-06-13 17:26:41] [Client thread/INFO] [aT] 
[2022-06-13 17:26:41] [Client thread/INFO] [aT] ******************************************************************************************
[2022-06-13 17:26:41] [Client thread/INFO] [aT] 
[2022-06-13 17:26:41] [Client thread/INFO] [aT] WorldEdit CUI Forge Edition 3 version 3.0.9 for Minecraft 1.12.2
[2022-06-13 17:26:41] [Client thread/INFO] [aT] Built with forge 14.23.5.2838
[2022-06-13 17:26:41] [Client thread/INFO] [aT] 
[2022-06-13 17:26:41] [Client thread/INFO] [aT] Environment :
[2022-06-13 17:26:41] [Client thread/INFO] [aT] 		 OS :Windows 10 (amd64) 
[2022-06-13 17:26:41] [Client thread/INFO] [aT] 		 Java: 1.8.0_51
[2022-06-13 17:26:41] [Client thread/INFO] [aT] 		 Language :US_en
[2022-06-13 17:26:41] [Client thread/INFO] [aT] 
[2022-06-13 17:26:41] [Client thread/INFO] [aT] ******************************************************************************************
[2022-06-13 17:26:41] [Client thread/INFO] [aT] 
[2022-06-13 17:26:41] [Client thread/INFO] [a] WorldEdit CUI Forge Edition 3 is loading ...
[2022-06-14 00:17:22] [Client thread/INFO] [aT] 
[2022-06-14 00:17:22] [Client thread/INFO] [aT] ******************************************************************************************
[2022-06-14 00:17:22] [Client thread/INFO] [aT] 
[2022-06-14 00:17:22] [Client thread/INFO] [aT] WorldEdit CUI Forge Edition 3 version 3.0.9 for Minecraft 1.12.2
[2022-06-14 00:17:22] [Client thread/INFO] [aT] Built with forge 14.23.5.2838
[2022-06-14 00:17:22] [Client thread/INFO] [aT] 
[2022-06-14 00:17:22] [Client thread/INFO] [aT] Environment :
[2022-06-14 00:17:22] [Client thread/INFO] [aT] 		 OS :Windows 10 (amd64) 
[2022-06-14 00:17:22] [Client thread/INFO] [aT] 		 Java: 1.8.0_51
[2022-06-14 00:17:22] [Client thread/INFO] [aT] 		 Language :US_en
[2022-06-14 00:17:22] [Client thread/INFO] [aT] 
[2022-06-14 00:17:22] [Client thread/INFO] [aT] ******************************************************************************************
[2022-06-14 00:17:22] [Client thread/INFO] [aT] 
[2022-06-14 00:17:22] [Client thread/INFO] [a] WorldEdit CUI Forge Edition 3 is loading ...
[2022-06-14 00:27:11] [Client thread/INFO] [aT] 
[2022-06-14 00:27:11] [Client thread/INFO] [aT] ******************************************************************************************
[2022-06-14 00:27:11] [Client thread/INFO] [aT] 
[2022-06-14 00:27:11] [Client thread/INFO] [aT] WorldEdit CUI Forge Edition 3 version 3.0.9 for Minecraft 1.12.2
[2022-06-14 00:27:11] [Client thread/INFO] [aT] Built with forge 14.23.5.2838
[2022-06-14 00:27:11] [Client thread/INFO] [aT] 
[2022-06-14 00:27:11] [Client thread/INFO] [aT] Environment :
[2022-06-14 00:27:11] [Client thread/INFO] [aT] 		 OS :Windows 10 (amd64) 
[2022-06-14 00:27:11] [Client thread/INFO] [aT] 		 Java: 1.8.0_51
[2022-06-14 00:27:11] [Client thread/INFO] [aT] 		 Language :US_en
[2022-06-14 00:27:11] [Client thread/INFO] [aT] 
[2022-06-14 00:27:11] [Client thread/INFO] [aT] ******************************************************************************************
[2022-06-14 00:27:11] [Client thread/INFO] [aT] 
[2022-06-14 00:27:11] [Client thread/INFO] [a] WorldEdit CUI Forge Edition 3 is loading ...
[2022-06-14 09:02:12] [Client thread/INFO] [aT] 
[2022-06-14 09:02:12] [Client thread/INFO] [aT] ******************************************************************************************
[2022-06-14 09:02:12] [Client thread/INFO] [aT] 
[2022-06-14 09:02:12] [Client thread/INFO] [aT] WorldEdit CUI Forge Edition 3 version 3.0.9 for Minecraft 1.12.2
[2022-06-14 09:02:12] [Client thread/INFO] [aT] Built with forge 14.23.5.2838
[2022-06-14 09:02:12] [Client thread/INFO] [aT] 
[2022-06-14 09:02:12] [Client thread/INFO] [aT] Environment :
[2022-06-14 09:02:12] [Client thread/INFO] [aT] 		 OS :Windows 10 (amd64) 
[2022-06-14 09:02:12] [Client thread/INFO] [aT] 		 Java: 1.8.0_51
[2022-06-14 09:02:12] [Client thread/INFO] [aT] 		 Language :US_en
[2022-06-14 09:02:12] [Client thread/INFO] [aT] 
[2022-06-14 09:02:12] [Client thread/INFO] [aT] ******************************************************************************************
[2022-06-14 09:02:12] [Client thread/INFO] [aT] 
[2022-06-14 09:02:12] [Client thread/INFO] [a] WorldEdit CUI Forge Edition 3 is loading ...
[2022-06-14 09:36:53] [Client thread/INFO] [aT] 
[2022-06-14 09:36:53] [Client thread/INFO] [aT] ******************************************************************************************
[2022-06-14 09:36:53] [Client thread/INFO] [aT] 
[2022-06-14 09:36:53] [Client thread/INFO] [aT] WorldEdit CUI Forge Edition 3 version 3.0.9 for Minecraft 1.12.2
[2022-06-14 09:36:53] [Client thread/INFO] [aT] Built with forge 14.23.5.2838
[2022-06-14 09:36:53] [Client thread/INFO] [aT] 
[2022-06-14 09:36:53] [Client thread/INFO] [aT] Environment :
[2022-06-14 09:36:53] [Client thread/INFO] [aT] 		 OS :Windows 10 (amd64) 
[2022-06-14 09:36:53] [Client thread/INFO] [aT] 		 Java: 1.8.0_51
[2022-06-14 09:36:53] [Client thread/INFO] [aT] 		 Language :US_en
[2022-06-14 09:36:53] [Client thread/INFO] [aT] 
[2022-06-14 09:36:53] [Client thread/INFO] [aT] ******************************************************************************************
[2022-06-14 09:36:53] [Client thread/INFO] [aT] 
[2022-06-14 09:36:53] [Client thread/INFO] [a] WorldEdit CUI Forge Edition 3 is loading ...
[2022-06-14 11:02:03] [Client thread/INFO] [aT] 
[2022-06-14 11:02:03] [Client thread/INFO] [aT] ******************************************************************************************
[2022-06-14 11:02:03] [Client thread/INFO] [aT] 
[2022-06-14 11:02:03] [Client thread/INFO] [aT] WorldEdit CUI Forge Edition 3 version 3.0.9 for Minecraft 1.12.2
[2022-06-14 11:02:03] [Client thread/INFO] [aT] Built with forge 14.23.5.2838
[2022-06-14 11:02:03] [Client thread/INFO] [aT] 
[2022-06-14 11:02:03] [Client thread/INFO] [aT] Environment :
[2022-06-14 11:02:03] [Client thread/INFO] [aT] 		 OS :Windows 10 (amd64) 
[2022-06-14 11:02:03] [Client thread/INFO] [aT] 		 Java: 1.8.0_51
[2022-06-14 11:02:03] [Client thread/INFO] [aT] 		 Language :US_en
[2022-06-14 11:02:03] [Client thread/INFO] [aT] 
[2022-06-14 11:02:03] [Client thread/INFO] [aT] ******************************************************************************************
[2022-06-14 11:02:03] [Client thread/INFO] [aT] 
[2022-06-14 11:02:03] [Client thread/INFO] [a] WorldEdit CUI Forge Edition 3 is loading ...
[2022-06-14 11:09:51] [Client thread/INFO] [aT] 
[2022-06-14 11:09:51] [Client thread/INFO] [aT] ******************************************************************************************
[2022-06-14 11:09:51] [Client thread/INFO] [aT] 
[2022-06-14 11:09:51] [Client thread/INFO] [aT] WorldEdit CUI Forge Edition 3 version 3.0.9 for Minecraft 1.12.2
[2022-06-14 11:09:51] [Client thread/INFO] [aT] Built with forge 14.23.5.2838
[2022-06-14 11:09:51] [Client thread/INFO] [aT] 
[2022-06-14 11:09:51] [Client thread/INFO] [aT] Environment :
[2022-06-14 11:09:51] [Client thread/INFO] [aT] 		 OS :Windows 10 (amd64) 
[2022-06-14 11:09:51] [Client thread/INFO] [aT] 		 Java: 1.8.0_51
[2022-06-14 11:09:51] [Client thread/INFO] [aT] 		 Language :US_en
[2022-06-14 11:09:51] [Client thread/INFO] [aT] 
[2022-06-14 11:09:51] [Client thread/INFO] [aT] ******************************************************************************************
[2022-06-14 11:09:51] [Client thread/INFO] [aT] 
[2022-06-14 11:09:51] [Client thread/INFO] [a] WorldEdit CUI Forge Edition 3 is loading ...
[2022-06-14 11:19:04] [Client thread/INFO] [aT] 
[2022-06-14 11:19:04] [Client thread/INFO] [aT] ******************************************************************************************
[2022-06-14 11:19:04] [Client thread/INFO] [aT] 
[2022-06-14 11:19:04] [Client thread/INFO] [aT] WorldEdit CUI Forge Edition 3 version 3.0.9 for Minecraft 1.12.2
[2022-06-14 11:19:04] [Client thread/INFO] [aT] Built with forge 14.23.5.2838
[2022-06-14 11:19:04] [Client thread/INFO] [aT] 
[2022-06-14 11:19:04] [Client thread/INFO] [aT] Environment :
[2022-06-14 11:19:04] [Client thread/INFO] [aT] 		 OS :Windows 10 (amd64) 
[2022-06-14 11:19:04] [Client thread/INFO] [aT] 		 Java: 1.8.0_51
[2022-06-14 11:19:04] [Client thread/INFO] [aT] 		 Language :US_en
[2022-06-14 11:19:04] [Client thread/INFO] [aT] 
[2022-06-14 11:19:04] [Client thread/INFO] [aT] ******************************************************************************************
[2022-06-14 11:19:04] [Client thread/INFO] [aT] 
[2022-06-14 11:19:04] [Client thread/INFO] [a] WorldEdit CUI Forge Edition 3 is loading ...
[2022-06-14 13:16:31] [Client thread/INFO] [aT] 
[2022-06-14 13:16:31] [Client thread/INFO] [aT] ******************************************************************************************
[2022-06-14 13:16:31] [Client thread/INFO] [aT] 
[2022-06-14 13:16:31] [Client thread/INFO] [aT] WorldEdit CUI Forge Edition 3 version 3.0.9 for Minecraft 1.12.2
[2022-06-14 13:16:31] [Client thread/INFO] [aT] Built with forge 14.23.5.2838
[2022-06-14 13:16:31] [Client thread/INFO] [aT] 
[2022-06-14 13:16:31] [Client thread/INFO] [aT] Environment :
[2022-06-14 13:16:31] [Client thread/INFO] [aT] 		 OS :Windows 10 (amd64) 
[2022-06-14 13:16:31] [Client thread/INFO] [aT] 		 Java: 1.8.0_51
[2022-06-14 13:16:31] [Client thread/INFO] [aT] 		 Language :US_en
[2022-06-14 13:16:31] [Client thread/INFO] [aT] 
[2022-06-14 13:16:31] [Client thread/INFO] [aT] ******************************************************************************************
[2022-06-14 13:16:31] [Client thread/INFO] [aT] 
[2022-06-14 13:16:31] [Client thread/INFO] [a] WorldEdit CUI Forge Edition 3 is loading ...
[2022-06-14 13:21:18] [Client thread/INFO] [aT] 
[2022-06-14 13:21:18] [Client thread/INFO] [aT] ******************************************************************************************
[2022-06-14 13:21:18] [Client thread/INFO] [aT] 
[2022-06-14 13:21:18] [Client thread/INFO] [aT] WorldEdit CUI Forge Edition 3 version 3.0.9 for Minecraft 1.12.2
[2022-06-14 13:21:18] [Client thread/INFO] [aT] Built with forge 14.23.5.2838
[2022-06-14 13:21:18] [Client thread/INFO] [aT] 
[2022-06-14 13:21:18] [Client thread/INFO] [aT] Environment :
[2022-06-14 13:21:18] [Client thread/INFO] [aT] 		 OS :Windows 10 (amd64) 
[2022-06-14 13:21:18] [Client thread/INFO] [aT] 		 Java: 1.8.0_51
[2022-06-14 13:21:18] [Client thread/INFO] [aT] 		 Language :US_en
[2022-06-14 13:21:18] [Client thread/INFO] [aT] 
[2022-06-14 13:21:18] [Client thread/INFO] [aT] ******************************************************************************************
[2022-06-14 13:21:18] [Client thread/INFO] [aT] 
[2022-06-14 13:21:18] [Client thread/INFO] [a] WorldEdit CUI Forge Edition 3 is loading ...
[2022-06-14 13:22:08] [Client thread/INFO] [aT] 
[2022-06-14 13:22:08] [Client thread/INFO] [aT] ******************************************************************************************
[2022-06-14 13:22:08] [Client thread/INFO] [aT] 
[2022-06-14 13:22:08] [Client thread/INFO] [aT] WorldEdit CUI Forge Edition 3 version 3.0.9 for Minecraft 1.12.2
[2022-06-14 13:22:08] [Client thread/INFO] [aT] Built with forge 14.23.5.2838
[2022-06-14 13:22:08] [Client thread/INFO] [aT] 
[2022-06-14 13:22:08] [Client thread/INFO] [aT] Environment :
[2022-06-14 13:22:08] [Client thread/INFO] [aT] 		 OS :Windows 10 (amd64) 
[2022-06-14 13:22:08] [Client thread/INFO] [aT] 		 Java: 1.8.0_51
[2022-06-14 13:22:08] [Client thread/INFO] [aT] 		 Language :US_en
[2022-06-14 13:22:08] [Client thread/INFO] [aT] 
[2022-06-14 13:22:08] [Client thread/INFO] [aT] ******************************************************************************************
[2022-06-14 13:22:08] [Client thread/INFO] [aT] 
[2022-06-14 13:22:08] [Client thread/INFO] [a] WorldEdit CUI Forge Edition 3 is loading ...
[2022-06-14 13:43:11] [Client thread/INFO] [aT] 
[2022-06-14 13:43:11] [Client thread/INFO] [aT] ******************************************************************************************
[2022-06-14 13:43:11] [Client thread/INFO] [aT] 
[2022-06-14 13:43:11] [Client thread/INFO] [aT] WorldEdit CUI Forge Edition 3 version 3.0.9 for Minecraft 1.12.2
[2022-06-14 13:43:11] [Client thread/INFO] [aT] Built with forge 14.23.5.2838
[2022-06-14 13:43:11] [Client thread/INFO] [aT] 
[2022-06-14 13:43:11] [Client thread/INFO] [aT] Environment :
[2022-06-14 13:43:11] [Client thread/INFO] [aT] 		 OS :Windows 10 (amd64) 
[2022-06-14 13:43:11] [Client thread/INFO] [aT] 		 Java: 1.8.0_51
[2022-06-14 13:43:11] [Client thread/INFO] [aT] 		 Language :US_en
[2022-06-14 13:43:11] [Client thread/INFO] [aT] 
[2022-06-14 13:43:11] [Client thread/INFO] [aT] ******************************************************************************************
[2022-06-14 13:43:11] [Client thread/INFO] [aT] 
[2022-06-14 13:43:11] [Client thread/INFO] [a] WorldEdit CUI Forge Edition 3 is loading ...
[2022-06-14 13:53:46] [Client thread/INFO] [aT] 
[2022-06-14 13:53:46] [Client thread/INFO] [aT] ******************************************************************************************
[2022-06-14 13:53:46] [Client thread/INFO] [aT] 
[2022-06-14 13:53:46] [Client thread/INFO] [aT] WorldEdit CUI Forge Edition 3 version 3.0.9 for Minecraft 1.12.2
[2022-06-14 13:53:46] [Client thread/INFO] [aT] Built with forge 14.23.5.2838
[2022-06-14 13:53:46] [Client thread/INFO] [aT] 
[2022-06-14 13:53:46] [Client thread/INFO] [aT] Environment :
[2022-06-14 13:53:46] [Client thread/INFO] [aT] 		 OS :Windows 10 (amd64) 
[2022-06-14 13:53:46] [Client thread/INFO] [aT] 		 Java: 1.8.0_51
[2022-06-14 13:53:46] [Client thread/INFO] [aT] 		 Language :US_en
[2022-06-14 13:53:46] [Client thread/INFO] [aT] 
[2022-06-14 13:53:46] [Client thread/INFO] [aT] ******************************************************************************************
[2022-06-14 13:53:46] [Client thread/INFO] [aT] 
[2022-06-14 13:53:46] [Client thread/INFO] [a] WorldEdit CUI Forge Edition 3 is loading ...
[2022-06-14 18:50:09] [Client thread/INFO] [aT] 
[2022-06-14 18:50:09] [Client thread/INFO] [aT] ******************************************************************************************
[2022-06-14 18:50:09] [Client thread/INFO] [aT] 
[2022-06-14 18:50:09] [Client thread/INFO] [aT] WorldEdit CUI Forge Edition 3 version 3.0.9 for Minecraft 1.12.2
[2022-06-14 18:50:09] [Client thread/INFO] [aT] Built with forge 14.23.5.2838
[2022-06-14 18:50:09] [Client thread/INFO] [aT] 
[2022-06-14 18:50:09] [Client thread/INFO] [aT] Environment :
[2022-06-14 18:50:09] [Client thread/INFO] [aT] 		 OS :Windows 10 (amd64) 
[2022-06-14 18:50:09] [Client thread/INFO] [aT] 		 Java: 1.8.0_51
[2022-06-14 18:50:09] [Client thread/INFO] [aT] 		 Language :US_en
[2022-06-14 18:50:09] [Client thread/INFO] [aT] 
[2022-06-14 18:50:09] [Client thread/INFO] [aT] ******************************************************************************************
[2022-06-14 18:50:09] [Client thread/INFO] [aT] 
[2022-06-14 18:50:09] [Client thread/INFO] [a] WorldEdit CUI Forge Edition 3 is loading ...
[2022-06-16 07:52:02] [Client thread/INFO] [aT] 
[2022-06-16 07:52:02] [Client thread/INFO] [aT] ******************************************************************************************
[2022-06-16 07:52:02] [Client thread/INFO] [aT] 
[2022-06-16 07:52:02] [Client thread/INFO] [aT] WorldEdit CUI Forge Edition 3 version 3.0.9 for Minecraft 1.12.2
[2022-06-16 07:52:02] [Client thread/INFO] [aT] Built with forge 14.23.5.2838
[2022-06-16 07:52:02] [Client thread/INFO] [aT] 
[2022-06-16 07:52:02] [Client thread/INFO] [aT] Environment :
[2022-06-16 07:52:02] [Client thread/INFO] [aT] 		 OS :Windows 10 (amd64) 
[2022-06-16 07:52:02] [Client thread/INFO] [aT] 		 Java: 1.8.0_51
[2022-06-16 07:52:02] [Client thread/INFO] [aT] 		 Language :US_en
[2022-06-16 07:52:02] [Client thread/INFO] [aT] 
[2022-06-16 07:52:02] [Client thread/INFO] [aT] ******************************************************************************************
[2022-06-16 07:52:02] [Client thread/INFO] [aT] 
[2022-06-16 07:52:02] [Client thread/INFO] [a] WorldEdit CUI Forge Edition 3 is loading ...
[2022-06-26 11:15:04] [Client thread/INFO] [aT] 
[2022-06-26 11:15:04] [Client thread/INFO] [aT] ******************************************************************************************
[2022-06-26 11:15:04] [Client thread/INFO] [aT] 
[2022-06-26 11:15:04] [Client thread/INFO] [aT] WorldEdit CUI Forge Edition 3 version 3.0.9 for Minecraft 1.12.2
[2022-06-26 11:15:04] [Client thread/INFO] [aT] Built with forge 14.23.5.2838
[2022-06-26 11:15:04] [Client thread/INFO] [aT] 
[2022-06-26 11:15:04] [Client thread/INFO] [aT] Environment :
[2022-06-26 11:15:04] [Client thread/INFO] [aT] 		 OS :Windows 10 (amd64) 
[2022-06-26 11:15:04] [Client thread/INFO] [aT] 		 Java: 1.8.0_51
[2022-06-26 11:15:04] [Client thread/INFO] [aT] 		 Language :US_en
[2022-06-26 11:15:04] [Client thread/INFO] [aT] 
[2022-06-26 11:15:04] [Client thread/INFO] [aT] ******************************************************************************************
[2022-06-26 11:15:04] [Client thread/INFO] [aT] 
[2022-06-26 11:15:04] [Client thread/INFO] [a] WorldEdit CUI Forge Edition 3 is loading ...
[2022-06-27 11:36:06] [Client thread/INFO] [aT] 
[2022-06-27 11:36:06] [Client thread/INFO] [aT] ******************************************************************************************
[2022-06-27 11:36:06] [Client thread/INFO] [aT] 
[2022-06-27 11:36:06] [Client thread/INFO] [aT] WorldEdit CUI Forge Edition 3 version 3.0.9 for Minecraft 1.12.2
[2022-06-27 11:36:06] [Client thread/INFO] [aT] Built with forge 14.23.5.2838
[2022-06-27 11:36:06] [Client thread/INFO] [aT] 
[2022-06-27 11:36:06] [Client thread/INFO] [aT] Environment :
[2022-06-27 11:36:06] [Client thread/INFO] [aT] 		 OS :Windows 10 (amd64) 
[2022-06-27 11:36:06] [Client thread/INFO] [aT] 		 Java: 1.8.0_51
[2022-06-27 11:36:06] [Client thread/INFO] [aT] 		 Language :US_en
[2022-06-27 11:36:06] [Client thread/INFO] [aT] 
[2022-06-27 11:36:06] [Client thread/INFO] [aT] ******************************************************************************************
[2022-06-27 11:36:06] [Client thread/INFO] [aT] 
[2022-06-27 11:36:06] [Client thread/INFO] [a] WorldEdit CUI Forge Edition 3 is loading ...
[2022-06-27 23:57:32] [Client thread/INFO] [aT] 
[2022-06-27 23:57:32] [Client thread/INFO] [aT] ******************************************************************************************
[2022-06-27 23:57:32] [Client thread/INFO] [aT] 
[2022-06-27 23:57:32] [Client thread/INFO] [aT] WorldEdit CUI Forge Edition 3 version 3.0.9 for Minecraft 1.12.2
[2022-06-27 23:57:32] [Client thread/INFO] [aT] Built with forge 14.23.5.2838
[2022-06-27 23:57:32] [Client thread/INFO] [aT] 
[2022-06-27 23:57:32] [Client thread/INFO] [aT] Environment :
[2022-06-27 23:57:32] [Client thread/INFO] [aT] 		 OS :Windows 10 (amd64) 
[2022-06-27 23:57:32] [Client thread/INFO] [aT] 		 Java: 1.8.0_51
[2022-06-27 23:57:32] [Client thread/INFO] [aT] 		 Language :US_en
[2022-06-27 23:57:32] [Client thread/INFO] [aT] 
[2022-06-27 23:57:32] [Client thread/INFO] [aT] ******************************************************************************************
[2022-06-27 23:57:32] [Client thread/INFO] [aT] 
[2022-06-27 23:57:32] [Client thread/INFO] [a] WorldEdit CUI Forge Edition 3 is loading ...
[2022-06-28 00:12:45] [Client thread/INFO] [aT] 
[2022-06-28 00:12:45] [Client thread/INFO] [aT] ******************************************************************************************
[2022-06-28 00:12:45] [Client thread/INFO] [aT] 
[2022-06-28 00:12:45] [Client thread/INFO] [aT] WorldEdit CUI Forge Edition 3 version 3.0.9 for Minecraft 1.12.2
[2022-06-28 00:12:45] [Client thread/INFO] [aT] Built with forge 14.23.5.2838
[2022-06-28 00:12:45] [Client thread/INFO] [aT] 
[2022-06-28 00:12:45] [Client thread/INFO] [aT] Environment :
[2022-06-28 00:12:45] [Client thread/INFO] [aT] 		 OS :Windows 10 (amd64) 
[2022-06-28 00:12:45] [Client thread/INFO] [aT] 		 Java: 1.8.0_51
[2022-06-28 00:12:45] [Client thread/INFO] [aT] 		 Language :US_en
[2022-06-28 00:12:45] [Client thread/INFO] [aT] 
[2022-06-28 00:12:45] [Client thread/INFO] [aT] ******************************************************************************************
[2022-06-28 00:12:45] [Client thread/INFO] [aT] 
[2022-06-28 00:12:45] [Client thread/INFO] [a] WorldEdit CUI Forge Edition 3 is loading ...
[2022-06-28 13:28:06] [Client thread/INFO] [aT] 
[2022-06-28 13:28:06] [Client thread/INFO] [aT] ******************************************************************************************
[2022-06-28 13:28:06] [Client thread/INFO] [aT] 
[2022-06-28 13:28:06] [Client thread/INFO] [aT] WorldEdit CUI Forge Edition 3 version 3.0.9 for Minecraft 1.12.2
[2022-06-28 13:28:06] [Client thread/INFO] [aT] Built with forge 14.23.5.2838
[2022-06-28 13:28:06] [Client thread/INFO] [aT] 
[2022-06-28 13:28:06] [Client thread/INFO] [aT] Environment :
[2022-06-28 13:28:06] [Client thread/INFO] [aT] 		 OS :Windows 10 (amd64) 
[2022-06-28 13:28:06] [Client thread/INFO] [aT] 		 Java: 1.8.0_51
[2022-06-28 13:28:06] [Client thread/INFO] [aT] 		 Language :US_en
[2022-06-28 13:28:06] [Client thread/INFO] [aT] 
[2022-06-28 13:28:06] [Client thread/INFO] [aT] ******************************************************************************************
[2022-06-28 13:28:06] [Client thread/INFO] [aT] 
[2022-06-28 13:28:06] [Client thread/INFO] [a] WorldEdit CUI Forge Edition 3 is loading ...
[2022-06-30 00:09:22] [Client thread/INFO] [aT] 
[2022-06-30 00:09:22] [Client thread/INFO] [aT] ******************************************************************************************
[2022-06-30 00:09:22] [Client thread/INFO] [aT] 
[2022-06-30 00:09:22] [Client thread/INFO] [aT] WorldEdit CUI Forge Edition 3 version 3.0.9 for Minecraft 1.12.2
[2022-06-30 00:09:22] [Client thread/INFO] [aT] Built with forge 14.23.5.2838
[2022-06-30 00:09:22] [Client thread/INFO] [aT] 
[2022-06-30 00:09:22] [Client thread/INFO] [aT] Environment :
[2022-06-30 00:09:22] [Client thread/INFO] [aT] 		 OS :Windows 10 (amd64) 
[2022-06-30 00:09:22] [Client thread/INFO] [aT] 		 Java: 1.8.0_51
[2022-06-30 00:09:22] [Client thread/INFO] [aT] 		 Language :US_en
[2022-06-30 00:09:22] [Client thread/INFO] [aT] 
[2022-06-30 00:09:22] [Client thread/INFO] [aT] ******************************************************************************************
[2022-06-30 00:09:22] [Client thread/INFO] [aT] 
[2022-06-30 00:09:22] [Client thread/INFO] [a] WorldEdit CUI Forge Edition 3 is loading ...
[2022-06-30 00:42:16] [Client thread/INFO] [aT] 
[2022-06-30 00:42:16] [Client thread/INFO] [aT] ******************************************************************************************
[2022-06-30 00:42:16] [Client thread/INFO] [aT] 
[2022-06-30 00:42:16] [Client thread/INFO] [aT] WorldEdit CUI Forge Edition 3 version 3.0.9 for Minecraft 1.12.2
[2022-06-30 00:42:16] [Client thread/INFO] [aT] Built with forge 14.23.5.2838
[2022-06-30 00:42:16] [Client thread/INFO] [aT] 
[2022-06-30 00:42:16] [Client thread/INFO] [aT] Environment :
[2022-06-30 00:42:16] [Client thread/INFO] [aT] 		 OS :Windows 10 (amd64) 
[2022-06-30 00:42:16] [Client thread/INFO] [aT] 		 Java: 1.8.0_51
[2022-06-30 00:42:16] [Client thread/INFO] [aT] 		 Language :US_en
[2022-06-30 00:42:16] [Client thread/INFO] [aT] 
[2022-06-30 00:42:16] [Client thread/INFO] [aT] ******************************************************************************************
[2022-06-30 00:42:16] [Client thread/INFO] [aT] 
[2022-06-30 00:42:16] [Client thread/INFO] [a] WorldEdit CUI Forge Edition 3 is loading ...
[2022-07-04 09:49:25] [Client thread/INFO] [aT] 
[2022-07-04 09:49:25] [Client thread/INFO] [aT] ******************************************************************************************
[2022-07-04 09:49:25] [Client thread/INFO] [aT] 
[2022-07-04 09:49:25] [Client thread/INFO] [aT] WorldEdit CUI Forge Edition 3 version 3.0.9 for Minecraft 1.12.2
[2022-07-04 09:49:25] [Client thread/INFO] [aT] Built with forge 14.23.5.2838
[2022-07-04 09:49:25] [Client thread/INFO] [aT] 
[2022-07-04 09:49:25] [Client thread/INFO] [aT] Environment :
[2022-07-04 09:49:25] [Client thread/INFO] [aT] 		 OS :Windows 10 (amd64) 
[2022-07-04 09:49:25] [Client thread/INFO] [aT] 		 Java: 1.8.0_51
[2022-07-04 09:49:25] [Client thread/INFO] [aT] 		 Language :US_en
[2022-07-04 09:49:25] [Client thread/INFO] [aT] 
[2022-07-04 09:49:25] [Client thread/INFO] [aT] ******************************************************************************************
[2022-07-04 09:49:25] [Client thread/INFO] [aT] 
[2022-07-04 09:49:25] [Client thread/INFO] [a] WorldEdit CUI Forge Edition 3 is loading ...
[2022-07-04 10:04:13] [Client thread/INFO] [aT] 
[2022-07-04 10:04:13] [Client thread/INFO] [aT] ******************************************************************************************
[2022-07-04 10:04:13] [Client thread/INFO] [aT] 
[2022-07-04 10:04:13] [Client thread/INFO] [aT] WorldEdit CUI Forge Edition 3 version 3.0.9 for Minecraft 1.12.2
[2022-07-04 10:04:13] [Client thread/INFO] [aT] Built with forge 14.23.5.2838
[2022-07-04 10:04:13] [Client thread/INFO] [aT] 
[2022-07-04 10:04:13] [Client thread/INFO] [aT] Environment :
[2022-07-04 10:04:13] [Client thread/INFO] [aT] 		 OS :Windows 10 (amd64) 
[2022-07-04 10:04:13] [Client thread/INFO] [aT] 		 Java: 1.8.0_51
[2022-07-04 10:04:13] [Client thread/INFO] [aT] 		 Language :US_en
[2022-07-04 10:04:13] [Client thread/INFO] [aT] 
[2022-07-04 10:04:13] [Client thread/INFO] [aT] ******************************************************************************************
[2022-07-04 10:04:13] [Client thread/INFO] [aT] 
[2022-07-04 10:04:13] [Client thread/INFO] [a] WorldEdit CUI Forge Edition 3 is loading ...
[2022-07-04 10:26:43] [Client thread/INFO] [aT] 
[2022-07-04 10:26:43] [Client thread/INFO] [aT] ******************************************************************************************
[2022-07-04 10:26:43] [Client thread/INFO] [aT] 
[2022-07-04 10:26:43] [Client thread/INFO] [aT] WorldEdit CUI Forge Edition 3 version 3.0.9 for Minecraft 1.12.2
[2022-07-04 10:26:43] [Client thread/INFO] [aT] Built with forge 14.23.5.2838
[2022-07-04 10:26:43] [Client thread/INFO] [aT] 
[2022-07-04 10:26:43] [Client thread/INFO] [aT] Environment :
[2022-07-04 10:26:43] [Client thread/INFO] [aT] 		 OS :Windows 10 (amd64) 
[2022-07-04 10:26:43] [Client thread/INFO] [aT] 		 Java: 1.8.0_51
[2022-07-04 10:26:43] [Client thread/INFO] [aT] 		 Language :US_en
[2022-07-04 10:26:43] [Client thread/INFO] [aT] 
[2022-07-04 10:26:43] [Client thread/INFO] [aT] ******************************************************************************************
[2022-07-04 10:26:43] [Client thread/INFO] [aT] 
[2022-07-04 10:26:43] [Client thread/INFO] [a] WorldEdit CUI Forge Edition 3 is loading ...
[2022-07-04 12:28:13] [Client thread/INFO] [aT] 
[2022-07-04 12:28:13] [Client thread/INFO] [aT] ******************************************************************************************
[2022-07-04 12:28:13] [Client thread/INFO] [aT] 
[2022-07-04 12:28:13] [Client thread/INFO] [aT] WorldEdit CUI Forge Edition 3 version 3.0.9 for Minecraft 1.12.2
[2022-07-04 12:28:13] [Client thread/INFO] [aT] Built with forge 14.23.5.2838
[2022-07-04 12:28:13] [Client thread/INFO] [aT] 
[2022-07-04 12:28:13] [Client thread/INFO] [aT] Environment :
[2022-07-04 12:28:13] [Client thread/INFO] [aT] 		 OS :Windows 10 (amd64) 
[2022-07-04 12:28:13] [Client thread/INFO] [aT] 		 Java: 1.8.0_51
[2022-07-04 12:28:13] [Client thread/INFO] [aT] 		 Language :US_en
[2022-07-04 12:28:13] [Client thread/INFO] [aT] 
[2022-07-04 12:28:13] [Client thread/INFO] [aT] ******************************************************************************************
[2022-07-04 12:28:13] [Client thread/INFO] [aT] 
[2022-07-04 12:28:13] [Client thread/INFO] [a] WorldEdit CUI Forge Edition 3 is loading ...
[2022-07-04 12:53:30] [Client thread/INFO] [aT] 
[2022-07-04 12:53:30] [Client thread/INFO] [aT] ******************************************************************************************
[2022-07-04 12:53:30] [Client thread/INFO] [aT] 
[2022-07-04 12:53:30] [Client thread/INFO] [aT] WorldEdit CUI Forge Edition 3 version 3.0.9 for Minecraft 1.12.2
[2022-07-04 12:53:30] [Client thread/INFO] [aT] Built with forge 14.23.5.2838
[2022-07-04 12:53:30] [Client thread/INFO] [aT] 
[2022-07-04 12:53:30] [Client thread/INFO] [aT] Environment :
[2022-07-04 12:53:30] [Client thread/INFO] [aT] 		 OS :Windows 10 (amd64) 
[2022-07-04 12:53:30] [Client thread/INFO] [aT] 		 Java: 1.8.0_51
[2022-07-04 12:53:30] [Client thread/INFO] [aT] 		 Language :US_en
[2022-07-04 12:53:30] [Client thread/INFO] [aT] 
[2022-07-04 12:53:30] [Client thread/INFO] [aT] ******************************************************************************************
[2022-07-04 12:53:30] [Client thread/INFO] [aT] 
[2022-07-04 12:53:30] [Client thread/INFO] [a] WorldEdit CUI Forge Edition 3 is loading ...
[2022-07-04 13:02:57] [Client thread/INFO] [aT] 
[2022-07-04 13:02:57] [Client thread/INFO] [aT] ******************************************************************************************
[2022-07-04 13:02:57] [Client thread/INFO] [aT] 
[2022-07-04 13:02:57] [Client thread/INFO] [aT] WorldEdit CUI Forge Edition 3 version 3.0.9 for Minecraft 1.12.2
[2022-07-04 13:02:57] [Client thread/INFO] [aT] Built with forge 14.23.5.2838
[2022-07-04 13:02:57] [Client thread/INFO] [aT] 
[2022-07-04 13:02:57] [Client thread/INFO] [aT] Environment :
[2022-07-04 13:02:57] [Client thread/INFO] [aT] 		 OS :Windows 10 (amd64) 
[2022-07-04 13:02:57] [Client thread/INFO] [aT] 		 Java: 1.8.0_51
[2022-07-04 13:02:57] [Client thread/INFO] [aT] 		 Language :US_en
[2022-07-04 13:02:57] [Client thread/INFO] [aT] 
[2022-07-04 13:02:57] [Client thread/INFO] [aT] ******************************************************************************************
[2022-07-04 13:02:57] [Client thread/INFO] [aT] 
[2022-07-04 13:02:57] [Client thread/INFO] [a] WorldEdit CUI Forge Edition 3 is loading ...
[2022-07-05 09:52:39] [Client thread/INFO] [aT] 
[2022-07-05 09:52:39] [Client thread/INFO] [aT] ******************************************************************************************
[2022-07-05 09:52:39] [Client thread/INFO] [aT] 
[2022-07-05 09:52:39] [Client thread/INFO] [aT] WorldEdit CUI Forge Edition 3 version 3.0.9 for Minecraft 1.12.2
[2022-07-05 09:52:39] [Client thread/INFO] [aT] Built with forge 14.23.5.2838
[2022-07-05 09:52:39] [Client thread/INFO] [aT] 
[2022-07-05 09:52:39] [Client thread/INFO] [aT] Environment :
[2022-07-05 09:52:39] [Client thread/INFO] [aT] 		 OS :Windows 10 (amd64) 
[2022-07-05 09:52:39] [Client thread/INFO] [aT] 		 Java: 1.8.0_51
[2022-07-05 09:52:39] [Client thread/INFO] [aT] 		 Language :US_en
[2022-07-05 09:52:39] [Client thread/INFO] [aT] 
[2022-07-05 09:52:39] [Client thread/INFO] [aT] ******************************************************************************************
[2022-07-05 09:52:39] [Client thread/INFO] [aT] 
[2022-07-05 09:52:39] [Client thread/INFO] [a] WorldEdit CUI Forge Edition 3 is loading ...
[2022-07-05 11:03:34] [Client thread/INFO] [aT] 
[2022-07-05 11:03:34] [Client thread/INFO] [aT] ******************************************************************************************
[2022-07-05 11:03:34] [Client thread/INFO] [aT] 
[2022-07-05 11:03:34] [Client thread/INFO] [aT] WorldEdit CUI Forge Edition 3 version 3.0.9 for Minecraft 1.12.2
[2022-07-05 11:03:34] [Client thread/INFO] [aT] Built with forge 14.23.5.2838
[2022-07-05 11:03:34] [Client thread/INFO] [aT] 
[2022-07-05 11:03:34] [Client thread/INFO] [aT] Environment :
[2022-07-05 11:03:34] [Client thread/INFO] [aT] 		 OS :Windows 10 (amd64) 
[2022-07-05 11:03:34] [Client thread/INFO] [aT] 		 Java: 1.8.0_51
[2022-07-05 11:03:34] [Client thread/INFO] [aT] 		 Language :US_en
[2022-07-05 11:03:34] [Client thread/INFO] [aT] 
[2022-07-05 11:03:34] [Client thread/INFO] [aT] ******************************************************************************************
[2022-07-05 11:03:34] [Client thread/INFO] [aT] 
[2022-07-05 11:03:34] [Client thread/INFO] [a] WorldEdit CUI Forge Edition 3 is loading ...
[2022-07-05 12:28:20] [Client thread/INFO] [aT] 
[2022-07-05 12:28:20] [Client thread/INFO] [aT] ******************************************************************************************
[2022-07-05 12:28:20] [Client thread/INFO] [aT] 
[2022-07-05 12:28:20] [Client thread/INFO] [aT] WorldEdit CUI Forge Edition 3 version 3.0.9 for Minecraft 1.12.2
[2022-07-05 12:28:20] [Client thread/INFO] [aT] Built with forge 14.23.5.2838
[2022-07-05 12:28:20] [Client thread/INFO] [aT] 
[2022-07-05 12:28:20] [Client thread/INFO] [aT] Environment :
[2022-07-05 12:28:20] [Client thread/INFO] [aT] 		 OS :Windows 10 (amd64) 
[2022-07-05 12:28:20] [Client thread/INFO] [aT] 		 Java: 1.8.0_51
[2022-07-05 12:28:20] [Client thread/INFO] [aT] 		 Language :US_en
[2022-07-05 12:28:20] [Client thread/INFO] [aT] 
[2022-07-05 12:28:20] [Client thread/INFO] [aT] ******************************************************************************************
[2022-07-05 12:28:20] [Client thread/INFO] [aT] 
[2022-07-05 12:28:20] [Client thread/INFO] [a] WorldEdit CUI Forge Edition 3 is loading ...
[2022-07-06 10:47:07] [Client thread/INFO] [aT] 
[2022-07-06 10:47:07] [Client thread/INFO] [aT] ******************************************************************************************
[2022-07-06 10:47:07] [Client thread/INFO] [aT] 
[2022-07-06 10:47:07] [Client thread/INFO] [aT] WorldEdit CUI Forge Edition 3 version 3.0.9 for Minecraft 1.12.2
[2022-07-06 10:47:07] [Client thread/INFO] [aT] Built with forge 14.23.5.2838
[2022-07-06 10:47:07] [Client thread/INFO] [aT] 
[2022-07-06 10:47:07] [Client thread/INFO] [aT] Environment :
[2022-07-06 10:47:07] [Client thread/INFO] [aT] 		 OS :Windows 10 (amd64) 
[2022-07-06 10:47:07] [Client thread/INFO] [aT] 		 Java: 1.8.0_51
[2022-07-06 10:47:07] [Client thread/INFO] [aT] 		 Language :US_en
[2022-07-06 10:47:07] [Client thread/INFO] [aT] 
[2022-07-06 10:47:07] [Client thread/INFO] [aT] ******************************************************************************************
[2022-07-06 10:47:07] [Client thread/INFO] [aT] 
[2022-07-06 10:47:07] [Client thread/INFO] [a] WorldEdit CUI Forge Edition 3 is loading ...
[2022-07-06 11:45:34] [Client thread/INFO] [aT] 
[2022-07-06 11:45:34] [Client thread/INFO] [aT] ******************************************************************************************
[2022-07-06 11:45:34] [Client thread/INFO] [aT] 
[2022-07-06 11:45:34] [Client thread/INFO] [aT] WorldEdit CUI Forge Edition 3 version 3.0.9 for Minecraft 1.12.2
[2022-07-06 11:45:34] [Client thread/INFO] [aT] Built with forge 14.23.5.2838
[2022-07-06 11:45:34] [Client thread/INFO] [aT] 
[2022-07-06 11:45:34] [Client thread/INFO] [aT] Environment :
[2022-07-06 11:45:34] [Client thread/INFO] [aT] 		 OS :Windows 10 (amd64) 
[2022-07-06 11:45:34] [Client thread/INFO] [aT] 		 Java: 1.8.0_51
[2022-07-06 11:45:34] [Client thread/INFO] [aT] 		 Language :US_en
[2022-07-06 11:45:34] [Client thread/INFO] [aT] 
[2022-07-06 11:45:34] [Client thread/INFO] [aT] ******************************************************************************************
[2022-07-06 11:45:34] [Client thread/INFO] [aT] 
[2022-07-06 11:45:34] [Client thread/INFO] [a] WorldEdit CUI Forge Edition 3 is loading ...
[2022-07-06 12:02:09] [Client thread/INFO] [aT] 
[2022-07-06 12:02:09] [Client thread/INFO] [aT] ******************************************************************************************
[2022-07-06 12:02:09] [Client thread/INFO] [aT] 
[2022-07-06 12:02:09] [Client thread/INFO] [aT] WorldEdit CUI Forge Edition 3 version 3.0.9 for Minecraft 1.12.2
[2022-07-06 12:02:09] [Client thread/INFO] [aT] Built with forge 14.23.5.2838
[2022-07-06 12:02:09] [Client thread/INFO] [aT] 
[2022-07-06 12:02:09] [Client thread/INFO] [aT] Environment :
[2022-07-06 12:02:09] [Client thread/INFO] [aT] 		 OS :Windows 10 (amd64) 
[2022-07-06 12:02:09] [Client thread/INFO] [aT] 		 Java: 1.8.0_51
[2022-07-06 12:02:09] [Client thread/INFO] [aT] 		 Language :US_en
[2022-07-06 12:02:09] [Client thread/INFO] [aT] 
[2022-07-06 12:02:09] [Client thread/INFO] [aT] ******************************************************************************************
[2022-07-06 12:02:09] [Client thread/INFO] [aT] 
[2022-07-06 12:02:09] [Client thread/INFO] [a] WorldEdit CUI Forge Edition 3 is loading ...
[2022-07-09 15:26:41] [Client thread/INFO] [aT] 
[2022-07-09 15:26:41] [Client thread/INFO] [aT] ******************************************************************************************
[2022-07-09 15:26:41] [Client thread/INFO] [aT] 
[2022-07-09 15:26:41] [Client thread/INFO] [aT] WorldEdit CUI Forge Edition 3 version 3.0.9 for Minecraft 1.12.2
[2022-07-09 15:26:41] [Client thread/INFO] [aT] Built with forge 14.23.5.2838
[2022-07-09 15:26:41] [Client thread/INFO] [aT] 
[2022-07-09 15:26:41] [Client thread/INFO] [aT] Environment :
[2022-07-09 15:26:41] [Client thread/INFO] [aT] 		 OS :Windows 10 (amd64) 
[2022-07-09 15:26:41] [Client thread/INFO] [aT] 		 Java: 1.8.0_51
[2022-07-09 15:26:41] [Client thread/INFO] [aT] 		 Language :US_en
[2022-07-09 15:26:41] [Client thread/INFO] [aT] 
[2022-07-09 15:26:41] [Client thread/INFO] [aT] ******************************************************************************************
[2022-07-09 15:26:41] [Client thread/INFO] [aT] 
[2022-07-09 15:26:41] [Client thread/INFO] [a] WorldEdit CUI Forge Edition 3 is loading ...
[2022-07-11 08:00:31] [Client thread/INFO] [aT] 
[2022-07-11 08:00:31] [Client thread/INFO] [aT] ******************************************************************************************
[2022-07-11 08:00:31] [Client thread/INFO] [aT] 
[2022-07-11 08:00:31] [Client thread/INFO] [aT] WorldEdit CUI Forge Edition 3 version 3.0.9 for Minecraft 1.12.2
[2022-07-11 08:00:31] [Client thread/INFO] [aT] Built with forge 14.23.5.2838
[2022-07-11 08:00:31] [Client thread/INFO] [aT] 
[2022-07-11 08:00:31] [Client thread/INFO] [aT] Environment :
[2022-07-11 08:00:31] [Client thread/INFO] [aT] 		 OS :Windows 10 (amd64) 
[2022-07-11 08:00:31] [Client thread/INFO] [aT] 		 Java: 1.8.0_51
[2022-07-11 08:00:31] [Client thread/INFO] [aT] 		 Language :US_en
[2022-07-11 08:00:31] [Client thread/INFO] [aT] 
[2022-07-11 08:00:31] [Client thread/INFO] [aT] ******************************************************************************************
[2022-07-11 08:00:31] [Client thread/INFO] [aT] 
[2022-07-11 08:00:31] [Client thread/INFO] [a] WorldEdit CUI Forge Edition 3 is loading ...
[2022-07-11 08:19:38] [Client thread/INFO] [aT] 
[2022-07-11 08:19:38] [Client thread/INFO] [aT] ******************************************************************************************
[2022-07-11 08:19:38] [Client thread/INFO] [aT] 
[2022-07-11 08:19:38] [Client thread/INFO] [aT] WorldEdit CUI Forge Edition 3 version 3.0.9 for Minecraft 1.12.2
[2022-07-11 08:19:38] [Client thread/INFO] [aT] Built with forge 14.23.5.2838
[2022-07-11 08:19:38] [Client thread/INFO] [aT] 
[2022-07-11 08:19:38] [Client thread/INFO] [aT] Environment :
[2022-07-11 08:19:38] [Client thread/INFO] [aT] 		 OS :Windows 10 (amd64) 
[2022-07-11 08:19:38] [Client thread/INFO] [aT] 		 Java: 1.8.0_51
[2022-07-11 08:19:38] [Client thread/INFO] [aT] 		 Language :US_en
[2022-07-11 08:19:38] [Client thread/INFO] [aT] 
[2022-07-11 08:19:38] [Client thread/INFO] [aT] ******************************************************************************************
[2022-07-11 08:19:38] [Client thread/INFO] [aT] 
[2022-07-11 08:19:38] [Client thread/INFO] [a] WorldEdit CUI Forge Edition 3 is loading ...
[2022-07-11 08:28:15] [Client thread/INFO] [aT] 
[2022-07-11 08:28:15] [Client thread/INFO] [aT] ******************************************************************************************
[2022-07-11 08:28:15] [Client thread/INFO] [aT] 
[2022-07-11 08:28:15] [Client thread/INFO] [aT] WorldEdit CUI Forge Edition 3 version 3.0.9 for Minecraft 1.12.2
[2022-07-11 08:28:15] [Client thread/INFO] [aT] Built with forge 14.23.5.2838
[2022-07-11 08:28:15] [Client thread/INFO] [aT] 
[2022-07-11 08:28:15] [Client thread/INFO] [aT] Environment :
[2022-07-11 08:28:15] [Client thread/INFO] [aT] 		 OS :Windows 10 (amd64) 
[2022-07-11 08:28:15] [Client thread/INFO] [aT] 		 Java: 1.8.0_51
[2022-07-11 08:28:15] [Client thread/INFO] [aT] 		 Language :US_en
[2022-07-11 08:28:15] [Client thread/INFO] [aT] 
[2022-07-11 08:28:15] [Client thread/INFO] [aT] ******************************************************************************************
[2022-07-11 08:28:15] [Client thread/INFO] [aT] 
[2022-07-11 08:28:15] [Client thread/INFO] [a] WorldEdit CUI Forge Edition 3 is loading ...
[2022-07-11 08:56:23] [Client thread/INFO] [aT] 
[2022-07-11 08:56:23] [Client thread/INFO] [aT] ******************************************************************************************
[2022-07-11 08:56:23] [Client thread/INFO] [aT] 
[2022-07-11 08:56:23] [Client thread/INFO] [aT] WorldEdit CUI Forge Edition 3 version 3.0.9 for Minecraft 1.12.2
[2022-07-11 08:56:23] [Client thread/INFO] [aT] Built with forge 14.23.5.2838
[2022-07-11 08:56:23] [Client thread/INFO] [aT] 
[2022-07-11 08:56:23] [Client thread/INFO] [aT] Environment :
[2022-07-11 08:56:23] [Client thread/INFO] [aT] 		 OS :Windows 10 (amd64) 
[2022-07-11 08:56:23] [Client thread/INFO] [aT] 		 Java: 1.8.0_51
[2022-07-11 08:56:23] [Client thread/INFO] [aT] 		 Language :US_en
[2022-07-11 08:56:23] [Client thread/INFO] [aT] 
[2022-07-11 08:56:23] [Client thread/INFO] [aT] ******************************************************************************************
[2022-07-11 08:56:23] [Client thread/INFO] [aT] 
[2022-07-11 08:56:23] [Client thread/INFO] [a] WorldEdit CUI Forge Edition 3 is loading ...
[2022-07-11 17:02:39] [Client thread/INFO] [aT] 
[2022-07-11 17:02:39] [Client thread/INFO] [aT] ******************************************************************************************
[2022-07-11 17:02:39] [Client thread/INFO] [aT] 
[2022-07-11 17:02:39] [Client thread/INFO] [aT] WorldEdit CUI Forge Edition 3 version 3.0.9 for Minecraft 1.12.2
[2022-07-11 17:02:39] [Client thread/INFO] [aT] Built with forge 14.23.5.2838
[2022-07-11 17:02:39] [Client thread/INFO] [aT] 
[2022-07-11 17:02:39] [Client thread/INFO] [aT] Environment :
[2022-07-11 17:02:39] [Client thread/INFO] [aT] 		 OS :Windows 10 (amd64) 
[2022-07-11 17:02:39] [Client thread/INFO] [aT] 		 Java: 1.8.0_51
[2022-07-11 17:02:39] [Client thread/INFO] [aT] 		 Language :US_en
[2022-07-11 17:02:39] [Client thread/INFO] [aT] 
[2022-07-11 17:02:39] [Client thread/INFO] [aT] ******************************************************************************************
[2022-07-11 17:02:39] [Client thread/INFO] [aT] 
[2022-07-11 17:02:39] [Client thread/INFO] [a] WorldEdit CUI Forge Edition 3 is loading ...
[2022-07-12 09:36:28] [Client thread/INFO] [aT] 
[2022-07-12 09:36:28] [Client thread/INFO] [aT] ******************************************************************************************
[2022-07-12 09:36:28] [Client thread/INFO] [aT] 
[2022-07-12 09:36:28] [Client thread/INFO] [aT] WorldEdit CUI Forge Edition 3 version 3.0.9 for Minecraft 1.12.2
[2022-07-12 09:36:28] [Client thread/INFO] [aT] Built with forge 14.23.5.2838
[2022-07-12 09:36:28] [Client thread/INFO] [aT] 
[2022-07-12 09:36:28] [Client thread/INFO] [aT] Environment :
[2022-07-12 09:36:28] [Client thread/INFO] [aT] 		 OS :Windows 10 (amd64) 
[2022-07-12 09:36:28] [Client thread/INFO] [aT] 		 Java: 1.8.0_51
[2022-07-12 09:36:28] [Client thread/INFO] [aT] 		 Language :US_en
[2022-07-12 09:36:28] [Client thread/INFO] [aT] 
[2022-07-12 09:36:28] [Client thread/INFO] [aT] ******************************************************************************************
[2022-07-12 09:36:28] [Client thread/INFO] [aT] 
[2022-07-12 09:36:28] [Client thread/INFO] [a] WorldEdit CUI Forge Edition 3 is loading ...
